run.py:117|2021-01-17 15:07:27|    INFO|-----------------------------------start at 2021-01-17 15-07-27-------------------------------
network.py:21|2021-01-17 15:07:27|    INFO|edge_set:[(0, 5), (1, 5), (2, 6), (3, 6), (4, 6), (5, 6)]  overlay_node_set:[0, 1, 2, 3, 4]
M3Generator.py:54|2021-01-17 15:07:27|    INFO|parameters:{'num_paths': 4, 'num_time_slots': 100, 'm2_true': [1, 1, 1, 2, 2, 2], 'r_ns_true': 1.0, 'p_correct': (0.9, 0.5), 'ind_m2': array([[0, 1, 2, 3],
       [0, 0, 4, 5],
       [0, 0, 0, 6],
       [0, 0, 0, 0]]), 'ind_m3': array([[[0, 0, 0, 0],
        [0, 0, 1, 2],
        [0, 0, 0, 3],
        [0, 0, 0, 0]],

       [[0, 0, 0, 0],
        [0, 0, 0, 0],
        [0, 0, 0, 4],
        [0, 0, 0, 0]],

       [[0, 0, 0, 0],
        [0, 0, 0, 0],
        [0, 0, 0, 0],
        [0, 0, 0, 0]],

       [[0, 0, 0, 0],
        [0, 0, 0, 0],
        [0, 0, 0, 0],
        [0, 0, 0, 0]]])}
M3Generator.py:165|2021-01-17 15:07:27|    INFO|sim_data:{'T': 100, 'N': 4, 'prc': (0.9, 0.5), 'ind_m2': array([[0, 1, 2, 3],
       [0, 0, 4, 5],
       [0, 0, 0, 6],
       [0, 0, 0, 0]]), 'ind_m3': array([[[0, 0, 0, 0],
        [0, 0, 1, 2],
        [0, 0, 0, 3],
        [0, 0, 0, 0]],

       [[0, 0, 0, 0],
        [0, 0, 0, 0],
        [0, 0, 0, 4],
        [0, 0, 0, 0]],

       [[0, 0, 0, 0],
        [0, 0, 0, 0],
        [0, 0, 0, 0],
        [0, 0, 0, 0]],

       [[0, 0, 0, 0],
        [0, 0, 0, 0],
        [0, 0, 0, 0],
        [0, 0, 0, 0]]]), 'm3_observed': array([[3, 3, 3, 3, 0, 3, 3, 3, 3, 3, 3, 3, 3, 3, 3, 4, 4, 3, 4, 3, 3, 3,
        3, 3, 3, 4, 3, 0, 3, 3, 3, 3, 3, 4, 3, 4, 2, 3, 4, 3, 3, 3, 4, 3,
        3, 3, 3, 3, 3, 3, 3, 3, 3, 3, 3, 3, 3, 3, 3, 3, 3, 4, 3, 3, 3, 0,
        3, 3, 3, 3, 3, 3, 3, 0, 1, 3, 4, 3, 3, 4, 3, 3, 3, 4, 3, 3, 3, 4,
        3, 3, 3, 3, 3, 3, 3, 3, 3, 3, 3, 3],
       [3, 3, 3, 3, 3, 4, 3, 3, 3, 3, 0, 4, 3, 3, 3, 3, 4, 2, 3, 3, 3, 3,
        3, 3, 3, 3, 4, 3, 3, 3, 3, 3, 2, 4, 3, 3, 3, 3, 3, 3, 3, 0, 3, 3,
        3, 3, 3, 3, 3, 3, 3, 3, 3, 3, 3, 3, 3, 3, 3, 3, 4, 4, 3, 3, 3, 3,
        3, 3, 3, 3, 3, 3, 3, 3, 4, 4, 4, 3, 4, 1, 3, 3, 3, 4, 3, 3, 3, 4,
        4, 0, 3, 4, 3, 3, 3, 3, 3, 3, 3, 0],
       [3, 3, 3, 3, 3, 4, 3, 3, 3, 3, 3, 4, 3, 3, 3, 4, 3, 4, 4, 3, 3, 3,
        3, 3, 0, 4, 4, 3, 3, 3, 3, 3, 4, 2, 3, 4, 4, 3, 4, 3, 3, 3, 4, 3,
        3, 3, 3, 3, 3, 3, 3, 3, 3, 3, 3, 0, 3, 3, 3, 3, 4, 0, 3, 3, 3, 3,
        3, 3, 3, 3, 3, 3, 0, 0, 4, 4, 3, 3, 4, 3, 3, 3, 3, 3, 3, 3, 3, 4,
        4, 3, 0, 4, 3, 0, 0, 3, 3, 3, 3, 3],
       [0, 0, 0, 1, 4, 0, 2, 0, 0, 0, 4, 0, 0, 0, 1, 0, 0, 4, 0, 0, 0, 3,
        0, 0, 4, 0, 0, 4, 1, 0, 0, 0, 4, 0, 0, 0, 4, 0, 0, 0, 0, 4, 0, 0,
        0, 2, 0, 0, 0, 2, 0, 0, 0, 0, 0, 4, 0, 0, 0, 3, 2, 4, 0, 2, 0, 4,
        2, 0, 0, 0, 0, 0, 4, 2, 0, 1, 0, 2, 0, 4, 0, 0, 0, 0, 0, 0, 1, 4,
        2, 4, 4, 0, 0, 4, 4, 0, 0, 0, 0, 4]]), 'true_m2': [1, 1, 1, 2, 2, 2], 'r_ns_true': 1.0}
BIHMCAlg.py:61|2021-01-17 15:07:31|    INFO|----------using pystan build the model__________
BIHMCAlg.py:171|2021-01-17 15:07:31|    INFO|pystan model 加载成功  anon_model_114c1023e6e2b64642c44bafe1ef01e5
BIHMCAlg.py:108|2021-01-17 15:07:31|    INFO|model data is {'do_debug': 0, 'T': 100, 'N': 4, 'm3_observed': array([[3, 3, 3, 3, 0, 3, 3, 3, 3, 3, 3, 3, 3, 3, 3, 4, 4, 3, 4, 3, 3, 3,
        3, 3, 3, 4, 3, 0, 3, 3, 3, 3, 3, 4, 3, 4, 2, 3, 4, 3, 3, 3, 4, 3,
        3, 3, 3, 3, 3, 3, 3, 3, 3, 3, 3, 3, 3, 3, 3, 3, 3, 4, 3, 3, 3, 0,
        3, 3, 3, 3, 3, 3, 3, 0, 1, 3, 4, 3, 3, 4, 3, 3, 3, 4, 3, 3, 3, 4,
        3, 3, 3, 3, 3, 3, 3, 3, 3, 3, 3, 3],
       [3, 3, 3, 3, 3, 4, 3, 3, 3, 3, 0, 4, 3, 3, 3, 3, 4, 2, 3, 3, 3, 3,
        3, 3, 3, 3, 4, 3, 3, 3, 3, 3, 2, 4, 3, 3, 3, 3, 3, 3, 3, 0, 3, 3,
        3, 3, 3, 3, 3, 3, 3, 3, 3, 3, 3, 3, 3, 3, 3, 3, 4, 4, 3, 3, 3, 3,
        3, 3, 3, 3, 3, 3, 3, 3, 4, 4, 4, 3, 4, 1, 3, 3, 3, 4, 3, 3, 3, 4,
        4, 0, 3, 4, 3, 3, 3, 3, 3, 3, 3, 0],
       [3, 3, 3, 3, 3, 4, 3, 3, 3, 3, 3, 4, 3, 3, 3, 4, 3, 4, 4, 3, 3, 3,
        3, 3, 0, 4, 4, 3, 3, 3, 3, 3, 4, 2, 3, 4, 4, 3, 4, 3, 3, 3, 4, 3,
        3, 3, 3, 3, 3, 3, 3, 3, 3, 3, 3, 0, 3, 3, 3, 3, 4, 0, 3, 3, 3, 3,
        3, 3, 3, 3, 3, 3, 0, 0, 4, 4, 3, 3, 4, 3, 3, 3, 3, 3, 3, 3, 3, 4,
        4, 3, 0, 4, 3, 0, 0, 3, 3, 3, 3, 3],
       [0, 0, 0, 1, 4, 0, 2, 0, 0, 0, 4, 0, 0, 0, 1, 0, 0, 4, 0, 0, 0, 3,
        0, 0, 4, 0, 0, 4, 1, 0, 0, 0, 4, 0, 0, 0, 4, 0, 0, 0, 0, 4, 0, 0,
        0, 2, 0, 0, 0, 2, 0, 0, 0, 0, 0, 4, 0, 0, 0, 3, 2, 4, 0, 2, 0, 4,
        2, 0, 0, 0, 0, 0, 4, 2, 0, 1, 0, 2, 0, 4, 0, 0, 0, 0, 0, 0, 1, 4,
        2, 4, 4, 0, 0, 4, 4, 0, 0, 0, 0, 4]]), 'prc': (0.9, 0.5), 'index_m2': array([[0, 1, 2, 3],
       [0, 0, 4, 5],
       [0, 0, 0, 6],
       [0, 0, 0, 0]]), 'index_m3': array([[[0, 0, 0, 0],
        [0, 0, 1, 2],
        [0, 0, 0, 3],
        [0, 0, 0, 0]],

       [[0, 0, 0, 0],
        [0, 0, 0, 0],
        [0, 0, 0, 4],
        [0, 0, 0, 0]],

       [[0, 0, 0, 0],
        [0, 0, 0, 0],
        [0, 0, 0, 0],
        [0, 0, 0, 0]],

       [[0, 0, 0, 0],
        [0, 0, 0, 0],
        [0, 0, 0, 0],
        [0, 0, 0, 0]]])}
BIHMCAlg.py:111|2021-01-17 15:07:31|    INFO|保存模型数据到:data/pystan/model_data2021-01-17 15-07-31.txt
BIHMCAlg.py:115|2021-01-17 15:07:31|    INFO|----------pystan sampling----------
run.py:117|2021-01-17 15:08:14|    INFO|-----------------------------------start at 2021-01-17 15-08-14-------------------------------
network.py:21|2021-01-17 15:08:14|    INFO|edge_set:[(0, 5), (1, 5), (2, 6), (3, 6), (4, 6), (5, 6)]  overlay_node_set:[0, 1, 2, 3, 4]
M3Generator.py:54|2021-01-17 15:08:14|    INFO|parameters:{'num_paths': 4, 'num_time_slots': 100, 'm2_true': [1, 1, 1, 2, 2, 2], 'r_ns_true': 1.0, 'p_correct': (0.9, 0.5), 'ind_m2': array([[0, 1, 2, 3],
       [0, 0, 4, 5],
       [0, 0, 0, 6],
       [0, 0, 0, 0]]), 'ind_m3': array([[[0, 0, 0, 0],
        [0, 0, 1, 2],
        [0, 0, 0, 3],
        [0, 0, 0, 0]],

       [[0, 0, 0, 0],
        [0, 0, 0, 0],
        [0, 0, 0, 4],
        [0, 0, 0, 0]],

       [[0, 0, 0, 0],
        [0, 0, 0, 0],
        [0, 0, 0, 0],
        [0, 0, 0, 0]],

       [[0, 0, 0, 0],
        [0, 0, 0, 0],
        [0, 0, 0, 0],
        [0, 0, 0, 0]]])}
M3Generator.py:165|2021-01-17 15:08:14|    INFO|sim_data:{'T': 100, 'N': 4, 'prc': (0.9, 0.5), 'ind_m2': array([[0, 1, 2, 3],
       [0, 0, 4, 5],
       [0, 0, 0, 6],
       [0, 0, 0, 0]]), 'ind_m3': array([[[0, 0, 0, 0],
        [0, 0, 1, 2],
        [0, 0, 0, 3],
        [0, 0, 0, 0]],

       [[0, 0, 0, 0],
        [0, 0, 0, 0],
        [0, 0, 0, 4],
        [0, 0, 0, 0]],

       [[0, 0, 0, 0],
        [0, 0, 0, 0],
        [0, 0, 0, 0],
        [0, 0, 0, 0]],

       [[0, 0, 0, 0],
        [0, 0, 0, 0],
        [0, 0, 0, 0],
        [0, 0, 0, 0]]]), 'm3_observed': array([[3, 3, 3, 3, 0, 3, 3, 3, 3, 3, 3, 3, 3, 3, 3, 4, 4, 3, 4, 3, 3, 3,
        3, 3, 3, 4, 3, 0, 3, 3, 3, 3, 3, 4, 3, 4, 2, 3, 4, 3, 3, 3, 4, 3,
        3, 3, 3, 3, 3, 3, 3, 3, 3, 3, 3, 3, 3, 3, 3, 3, 3, 4, 3, 3, 3, 0,
        3, 3, 3, 3, 3, 3, 3, 0, 1, 3, 4, 3, 3, 4, 3, 3, 3, 4, 3, 3, 3, 4,
        3, 3, 3, 3, 3, 3, 3, 3, 3, 3, 3, 3],
       [3, 3, 3, 3, 3, 4, 3, 3, 3, 3, 0, 4, 3, 3, 3, 3, 4, 2, 3, 3, 3, 3,
        3, 3, 3, 3, 4, 3, 3, 3, 3, 3, 2, 4, 3, 3, 3, 3, 3, 3, 3, 0, 3, 3,
        3, 3, 3, 3, 3, 3, 3, 3, 3, 3, 3, 3, 3, 3, 3, 3, 4, 4, 3, 3, 3, 3,
        3, 3, 3, 3, 3, 3, 3, 3, 4, 4, 4, 3, 4, 1, 3, 3, 3, 4, 3, 3, 3, 4,
        4, 0, 3, 4, 3, 3, 3, 3, 3, 3, 3, 0],
       [3, 3, 3, 3, 3, 4, 3, 3, 3, 3, 3, 4, 3, 3, 3, 4, 3, 4, 4, 3, 3, 3,
        3, 3, 0, 4, 4, 3, 3, 3, 3, 3, 4, 2, 3, 4, 4, 3, 4, 3, 3, 3, 4, 3,
        3, 3, 3, 3, 3, 3, 3, 3, 3, 3, 3, 0, 3, 3, 3, 3, 4, 0, 3, 3, 3, 3,
        3, 3, 3, 3, 3, 3, 0, 0, 4, 4, 3, 3, 4, 3, 3, 3, 3, 3, 3, 3, 3, 4,
        4, 3, 0, 4, 3, 0, 0, 3, 3, 3, 3, 3],
       [0, 0, 0, 1, 4, 0, 2, 0, 0, 0, 4, 0, 0, 0, 1, 0, 0, 4, 0, 0, 0, 3,
        0, 0, 4, 0, 0, 4, 1, 0, 0, 0, 4, 0, 0, 0, 4, 0, 0, 0, 0, 4, 0, 0,
        0, 2, 0, 0, 0, 2, 0, 0, 0, 0, 0, 4, 0, 0, 0, 3, 2, 4, 0, 2, 0, 4,
        2, 0, 0, 0, 0, 0, 4, 2, 0, 1, 0, 2, 0, 4, 0, 0, 0, 0, 0, 0, 1, 4,
        2, 4, 4, 0, 0, 4, 4, 0, 0, 0, 0, 4]]), 'true_m2': [1, 1, 1, 2, 2, 2], 'r_ns_true': 1.0}
BIHMCAlg.py:61|2021-01-17 15:08:16|    INFO|----------using pystan build the model__________
BIHMCAlg.py:171|2021-01-17 15:08:16|    INFO|pystan model 加载成功  anon_model_114c1023e6e2b64642c44bafe1ef01e5
BIHMCAlg.py:108|2021-01-17 15:08:16|    INFO|model data is {'do_debug': 0, 'T': 100, 'N': 4, 'm3_observed': array([[3, 3, 3, 3, 0, 3, 3, 3, 3, 3, 3, 3, 3, 3, 3, 4, 4, 3, 4, 3, 3, 3,
        3, 3, 3, 4, 3, 0, 3, 3, 3, 3, 3, 4, 3, 4, 2, 3, 4, 3, 3, 3, 4, 3,
        3, 3, 3, 3, 3, 3, 3, 3, 3, 3, 3, 3, 3, 3, 3, 3, 3, 4, 3, 3, 3, 0,
        3, 3, 3, 3, 3, 3, 3, 0, 1, 3, 4, 3, 3, 4, 3, 3, 3, 4, 3, 3, 3, 4,
        3, 3, 3, 3, 3, 3, 3, 3, 3, 3, 3, 3],
       [3, 3, 3, 3, 3, 4, 3, 3, 3, 3, 0, 4, 3, 3, 3, 3, 4, 2, 3, 3, 3, 3,
        3, 3, 3, 3, 4, 3, 3, 3, 3, 3, 2, 4, 3, 3, 3, 3, 3, 3, 3, 0, 3, 3,
        3, 3, 3, 3, 3, 3, 3, 3, 3, 3, 3, 3, 3, 3, 3, 3, 4, 4, 3, 3, 3, 3,
        3, 3, 3, 3, 3, 3, 3, 3, 4, 4, 4, 3, 4, 1, 3, 3, 3, 4, 3, 3, 3, 4,
        4, 0, 3, 4, 3, 3, 3, 3, 3, 3, 3, 0],
       [3, 3, 3, 3, 3, 4, 3, 3, 3, 3, 3, 4, 3, 3, 3, 4, 3, 4, 4, 3, 3, 3,
        3, 3, 0, 4, 4, 3, 3, 3, 3, 3, 4, 2, 3, 4, 4, 3, 4, 3, 3, 3, 4, 3,
        3, 3, 3, 3, 3, 3, 3, 3, 3, 3, 3, 0, 3, 3, 3, 3, 4, 0, 3, 3, 3, 3,
        3, 3, 3, 3, 3, 3, 0, 0, 4, 4, 3, 3, 4, 3, 3, 3, 3, 3, 3, 3, 3, 4,
        4, 3, 0, 4, 3, 0, 0, 3, 3, 3, 3, 3],
       [0, 0, 0, 1, 4, 0, 2, 0, 0, 0, 4, 0, 0, 0, 1, 0, 0, 4, 0, 0, 0, 3,
        0, 0, 4, 0, 0, 4, 1, 0, 0, 0, 4, 0, 0, 0, 4, 0, 0, 0, 0, 4, 0, 0,
        0, 2, 0, 0, 0, 2, 0, 0, 0, 0, 0, 4, 0, 0, 0, 3, 2, 4, 0, 2, 0, 4,
        2, 0, 0, 0, 0, 0, 4, 2, 0, 1, 0, 2, 0, 4, 0, 0, 0, 0, 0, 0, 1, 4,
        2, 4, 4, 0, 0, 4, 4, 0, 0, 0, 0, 4]]), 'prc': (0.9, 0.5), 'index_m2': array([[0, 1, 2, 3],
       [0, 0, 4, 5],
       [0, 0, 0, 6],
       [0, 0, 0, 0]]), 'index_m3': array([[[0, 0, 0, 0],
        [0, 0, 1, 2],
        [0, 0, 0, 3],
        [0, 0, 0, 0]],

       [[0, 0, 0, 0],
        [0, 0, 0, 0],
        [0, 0, 0, 4],
        [0, 0, 0, 0]],

       [[0, 0, 0, 0],
        [0, 0, 0, 0],
        [0, 0, 0, 0],
        [0, 0, 0, 0]],

       [[0, 0, 0, 0],
        [0, 0, 0, 0],
        [0, 0, 0, 0],
        [0, 0, 0, 0]]])}
BIHMCAlg.py:111|2021-01-17 15:08:16|    INFO|保存模型数据到:data/pystan/model_data2021-01-17 15-08-16.txt
BIHMCAlg.py:115|2021-01-17 15:08:16|    INFO|----------pystan sampling----------
BIHMCAlg.py:88|2021-01-17 15:08:23|    INFO|m2_samples:[[1.4636554  1.26733259 0.92140041 2.1182172  2.19833787 2.4258804 ]
 [1.48487109 1.23815609 0.93226694 2.1030762  2.22758919 2.43229383]
 [1.49739261 1.23209222 0.91944506 2.03586571 2.15296028 2.34854257]
 [1.48946174 1.23707105 0.92700542 2.12187046 2.2031777  2.45209349]
 [1.49601235 1.23303719 0.92821533 2.10900376 2.18522249 2.45574863]
 [1.29076309 1.09726669 1.17044701 1.97240386 2.21858744 2.27177747]
 [1.28785841 1.11547772 1.17073973 2.00350729 2.22254125 2.34671909]
 [1.27837856 1.09316933 1.173596   1.95770023 2.22661679 2.26697665]
 [1.42833983 1.34724088 0.96497114 2.01917149 2.28340534 2.38284433]
 [1.40276681 1.36432595 0.97435522 2.04164423 2.2942654  2.40221116]
 [1.24184834 1.45942525 0.99855798 2.10485858 2.40965278 2.18006473]
 [1.30132034 1.44659311 0.99097915 2.13729433 2.45101419 2.2336881 ]
 [1.24661531 1.48436848 1.00282306 2.10764165 2.37984268 2.18080166]
 [1.23587525 1.4605436  0.99843958 2.11148491 2.38249146 2.20024889]
 [1.23656676 1.45870528 0.99632549 2.10949741 2.3863714  2.19907465]
 [1.00631578 1.39532095 1.34994792 1.83038283 1.77969188 2.37227865]
 [1.41296357 1.21839897 1.38115264 1.88123442 1.8432735  2.36043671]
 [1.05968066 1.18697185 1.44623857 1.81564618 1.90469884 2.22481654]
 [1.46060438 1.22139097 1.35671644 1.91646653 1.82693801 2.33786516]
 [1.3785249  1.10251901 1.40724217 1.89153524 1.89061017 2.40956352]]
BIHMCAlg.py:90|2021-01-17 15:08:23|    INFO|inferred_m2_real:[1.33499076 1.28297036 1.10054326 2.01942513 2.17336443 2.32419631]
BIHMCAlg.py:91|2021-01-17 15:08:23|    INFO|self.true_m2:[1, 1, 1, 2, 2, 2]
run.py:117|2021-01-17 15:09:09|    INFO|-----------------------------------start at 2021-01-17 15-09-09-------------------------------
network.py:21|2021-01-17 15:09:09|    INFO|edge_set:[(0, 5), (1, 5), (2, 6), (3, 6), (4, 6), (5, 6)]  overlay_node_set:[0, 1, 2, 3, 4]
M3Generator.py:54|2021-01-17 15:09:09|    INFO|parameters:{'num_paths': 4, 'num_time_slots': 100, 'm2_true': [1, 1, 1, 2, 2, 2], 'r_ns_true': 1.0, 'p_correct': (0.9, 0.5), 'ind_m2': array([[0, 1, 2, 3],
       [0, 0, 4, 5],
       [0, 0, 0, 6],
       [0, 0, 0, 0]]), 'ind_m3': array([[[0, 0, 0, 0],
        [0, 0, 1, 2],
        [0, 0, 0, 3],
        [0, 0, 0, 0]],

       [[0, 0, 0, 0],
        [0, 0, 0, 0],
        [0, 0, 0, 4],
        [0, 0, 0, 0]],

       [[0, 0, 0, 0],
        [0, 0, 0, 0],
        [0, 0, 0, 0],
        [0, 0, 0, 0]],

       [[0, 0, 0, 0],
        [0, 0, 0, 0],
        [0, 0, 0, 0],
        [0, 0, 0, 0]]])}
M3Generator.py:165|2021-01-17 15:09:09|    INFO|sim_data:{'T': 100, 'N': 4, 'prc': (0.9, 0.5), 'ind_m2': array([[0, 1, 2, 3],
       [0, 0, 4, 5],
       [0, 0, 0, 6],
       [0, 0, 0, 0]]), 'ind_m3': array([[[0, 0, 0, 0],
        [0, 0, 1, 2],
        [0, 0, 0, 3],
        [0, 0, 0, 0]],

       [[0, 0, 0, 0],
        [0, 0, 0, 0],
        [0, 0, 0, 4],
        [0, 0, 0, 0]],

       [[0, 0, 0, 0],
        [0, 0, 0, 0],
        [0, 0, 0, 0],
        [0, 0, 0, 0]],

       [[0, 0, 0, 0],
        [0, 0, 0, 0],
        [0, 0, 0, 0],
        [0, 0, 0, 0]]]), 'm3_observed': array([[3, 3, 3, 3, 0, 3, 3, 3, 3, 3, 3, 3, 3, 3, 3, 4, 4, 3, 4, 3, 3, 3,
        3, 3, 3, 4, 3, 0, 3, 3, 3, 3, 3, 4, 3, 4, 2, 3, 4, 3, 3, 3, 4, 3,
        3, 3, 3, 3, 3, 3, 3, 3, 3, 3, 3, 3, 3, 3, 3, 3, 3, 4, 3, 3, 3, 0,
        3, 3, 3, 3, 3, 3, 3, 0, 1, 3, 4, 3, 3, 4, 3, 3, 3, 4, 3, 3, 3, 4,
        3, 3, 3, 3, 3, 3, 3, 3, 3, 3, 3, 3],
       [3, 3, 3, 3, 3, 4, 3, 3, 3, 3, 0, 4, 3, 3, 3, 3, 4, 2, 3, 3, 3, 3,
        3, 3, 3, 3, 4, 3, 3, 3, 3, 3, 2, 4, 3, 3, 3, 3, 3, 3, 3, 0, 3, 3,
        3, 3, 3, 3, 3, 3, 3, 3, 3, 3, 3, 3, 3, 3, 3, 3, 4, 4, 3, 3, 3, 3,
        3, 3, 3, 3, 3, 3, 3, 3, 4, 4, 4, 3, 4, 1, 3, 3, 3, 4, 3, 3, 3, 4,
        4, 0, 3, 4, 3, 3, 3, 3, 3, 3, 3, 0],
       [3, 3, 3, 3, 3, 4, 3, 3, 3, 3, 3, 4, 3, 3, 3, 4, 3, 4, 4, 3, 3, 3,
        3, 3, 0, 4, 4, 3, 3, 3, 3, 3, 4, 2, 3, 4, 4, 3, 4, 3, 3, 3, 4, 3,
        3, 3, 3, 3, 3, 3, 3, 3, 3, 3, 3, 0, 3, 3, 3, 3, 4, 0, 3, 3, 3, 3,
        3, 3, 3, 3, 3, 3, 0, 0, 4, 4, 3, 3, 4, 3, 3, 3, 3, 3, 3, 3, 3, 4,
        4, 3, 0, 4, 3, 0, 0, 3, 3, 3, 3, 3],
       [0, 0, 0, 1, 4, 0, 2, 0, 0, 0, 4, 0, 0, 0, 1, 0, 0, 4, 0, 0, 0, 3,
        0, 0, 4, 0, 0, 4, 1, 0, 0, 0, 4, 0, 0, 0, 4, 0, 0, 0, 0, 4, 0, 0,
        0, 2, 0, 0, 0, 2, 0, 0, 0, 0, 0, 4, 0, 0, 0, 3, 2, 4, 0, 2, 0, 4,
        2, 0, 0, 0, 0, 0, 4, 2, 0, 1, 0, 2, 0, 4, 0, 0, 0, 0, 0, 0, 1, 4,
        2, 4, 4, 0, 0, 4, 4, 0, 0, 0, 0, 4]]), 'true_m2': [1, 1, 1, 2, 2, 2], 'r_ns_true': 1.0}
BIHMCAlg.py:61|2021-01-17 15:09:12|    INFO|----------using pystan build the model__________
BIHMCAlg.py:171|2021-01-17 15:09:12|    INFO|pystan model 加载成功  anon_model_114c1023e6e2b64642c44bafe1ef01e5
BIHMCAlg.py:108|2021-01-17 15:09:12|    INFO|model data is {'do_debug': 0, 'T': 100, 'N': 4, 'm3_observed': array([[3, 3, 3, 3, 0, 3, 3, 3, 3, 3, 3, 3, 3, 3, 3, 4, 4, 3, 4, 3, 3, 3,
        3, 3, 3, 4, 3, 0, 3, 3, 3, 3, 3, 4, 3, 4, 2, 3, 4, 3, 3, 3, 4, 3,
        3, 3, 3, 3, 3, 3, 3, 3, 3, 3, 3, 3, 3, 3, 3, 3, 3, 4, 3, 3, 3, 0,
        3, 3, 3, 3, 3, 3, 3, 0, 1, 3, 4, 3, 3, 4, 3, 3, 3, 4, 3, 3, 3, 4,
        3, 3, 3, 3, 3, 3, 3, 3, 3, 3, 3, 3],
       [3, 3, 3, 3, 3, 4, 3, 3, 3, 3, 0, 4, 3, 3, 3, 3, 4, 2, 3, 3, 3, 3,
        3, 3, 3, 3, 4, 3, 3, 3, 3, 3, 2, 4, 3, 3, 3, 3, 3, 3, 3, 0, 3, 3,
        3, 3, 3, 3, 3, 3, 3, 3, 3, 3, 3, 3, 3, 3, 3, 3, 4, 4, 3, 3, 3, 3,
        3, 3, 3, 3, 3, 3, 3, 3, 4, 4, 4, 3, 4, 1, 3, 3, 3, 4, 3, 3, 3, 4,
        4, 0, 3, 4, 3, 3, 3, 3, 3, 3, 3, 0],
       [3, 3, 3, 3, 3, 4, 3, 3, 3, 3, 3, 4, 3, 3, 3, 4, 3, 4, 4, 3, 3, 3,
        3, 3, 0, 4, 4, 3, 3, 3, 3, 3, 4, 2, 3, 4, 4, 3, 4, 3, 3, 3, 4, 3,
        3, 3, 3, 3, 3, 3, 3, 3, 3, 3, 3, 0, 3, 3, 3, 3, 4, 0, 3, 3, 3, 3,
        3, 3, 3, 3, 3, 3, 0, 0, 4, 4, 3, 3, 4, 3, 3, 3, 3, 3, 3, 3, 3, 4,
        4, 3, 0, 4, 3, 0, 0, 3, 3, 3, 3, 3],
       [0, 0, 0, 1, 4, 0, 2, 0, 0, 0, 4, 0, 0, 0, 1, 0, 0, 4, 0, 0, 0, 3,
        0, 0, 4, 0, 0, 4, 1, 0, 0, 0, 4, 0, 0, 0, 4, 0, 0, 0, 0, 4, 0, 0,
        0, 2, 0, 0, 0, 2, 0, 0, 0, 0, 0, 4, 0, 0, 0, 3, 2, 4, 0, 2, 0, 4,
        2, 0, 0, 0, 0, 0, 4, 2, 0, 1, 0, 2, 0, 4, 0, 0, 0, 0, 0, 0, 1, 4,
        2, 4, 4, 0, 0, 4, 4, 0, 0, 0, 0, 4]]), 'prc': (0.9, 0.5), 'index_m2': array([[0, 1, 2, 3],
       [0, 0, 4, 5],
       [0, 0, 0, 6],
       [0, 0, 0, 0]]), 'index_m3': array([[[0, 0, 0, 0],
        [0, 0, 1, 2],
        [0, 0, 0, 3],
        [0, 0, 0, 0]],

       [[0, 0, 0, 0],
        [0, 0, 0, 0],
        [0, 0, 0, 4],
        [0, 0, 0, 0]],

       [[0, 0, 0, 0],
        [0, 0, 0, 0],
        [0, 0, 0, 0],
        [0, 0, 0, 0]],

       [[0, 0, 0, 0],
        [0, 0, 0, 0],
        [0, 0, 0, 0],
        [0, 0, 0, 0]]])}
BIHMCAlg.py:111|2021-01-17 15:09:12|    INFO|保存模型数据到:data/pystan/model_data2021-01-17 15-09-12.txt
BIHMCAlg.py:115|2021-01-17 15:09:12|    INFO|----------pystan sampling----------
BIHMCAlg.py:88|2021-01-17 15:09:16|    INFO|m2_samples:[[1.48704479 1.10162515 1.01400243 2.31586906 1.78766756 2.46339049]
 [1.47073391 1.0826484  1.00285212 2.31664461 1.75122215 2.44490777]
 [1.47932164 1.12094374 0.96763233 2.36295031 1.79873665 2.48879112]
 [1.4644819  1.09156661 1.17671617 2.31678528 1.76644964 2.43343191]
 [1.43151911 1.09809987 1.15608954 2.2647687  1.67828847 2.45021302]
 [1.14537008 1.39107197 1.0484221  1.9763878  2.01844659 2.41805809]
 [1.11686927 1.34835517 1.03933218 2.02935048 1.98384281 2.36541318]
 [1.14542378 1.38844359 1.04049788 1.97751034 2.02721031 2.41509528]
 [1.16591135 1.49014672 1.05457267 2.05185569 1.99357749 2.40042905]
 [1.16600625 1.49190598 1.06126096 2.06087291 1.99764228 2.40599116]
 [1.4176892  1.41509172 1.05883094 2.17443907 2.1228475  2.39272415]
 [1.40451758 1.42160191 1.06397179 2.16392274 2.12657805 2.41815005]
 [1.42725088 1.36983496 1.04232874 2.12593617 2.1835687  2.42256445]
 [1.42645343 1.38000137 1.04427359 2.1245794  2.17062067 2.43279454]
 [1.43165637 1.38418857 1.05492921 2.13972175 2.16888715 2.42805553]
 [1.49663671 1.14403153 1.10890188 2.42702281 2.12105636 2.35677203]
 [1.40939976 1.1650653  1.18274913 2.37093223 2.35409899 2.31812117]
 [1.39511799 1.16516323 1.20184269 2.36868099 2.35259163 2.30701457]
 [1.3959308  1.16154033 1.18367698 2.35697798 2.37563165 2.3176835 ]
 [1.37873612 1.2007556  1.21281101 2.32027799 2.35467211 2.26649471]]
BIHMCAlg.py:90|2021-01-17 15:09:16|    INFO|inferred_m2_real:[1.36280355 1.27060409 1.08578472 2.21227431 2.05668184 2.39730479]
BIHMCAlg.py:91|2021-01-17 15:09:16|    INFO|self.true_m2:[1, 1, 1, 2, 2, 2]
run.py:117|2021-01-17 15:09:50|    INFO|-----------------------------------start at 2021-01-17 15-09-50-------------------------------
network.py:21|2021-01-17 15:09:50|    INFO|edge_set:[(0, 5), (1, 5), (2, 6), (3, 6), (4, 6), (5, 6)]  overlay_node_set:[0, 1, 2, 3, 4]
M3Generator.py:54|2021-01-17 15:09:50|    INFO|parameters:{'num_paths': 4, 'num_time_slots': 100, 'm2_true': [1, 1, 1, 2, 2, 2], 'r_ns_true': 1.0, 'p_correct': (0.9, 0.5), 'ind_m2': array([[0, 1, 2, 3],
       [0, 0, 4, 5],
       [0, 0, 0, 6],
       [0, 0, 0, 0]]), 'ind_m3': array([[[0, 0, 0, 0],
        [0, 0, 1, 2],
        [0, 0, 0, 3],
        [0, 0, 0, 0]],

       [[0, 0, 0, 0],
        [0, 0, 0, 0],
        [0, 0, 0, 4],
        [0, 0, 0, 0]],

       [[0, 0, 0, 0],
        [0, 0, 0, 0],
        [0, 0, 0, 0],
        [0, 0, 0, 0]],

       [[0, 0, 0, 0],
        [0, 0, 0, 0],
        [0, 0, 0, 0],
        [0, 0, 0, 0]]])}
M3Generator.py:165|2021-01-17 15:09:50|    INFO|sim_data:{'T': 100, 'N': 4, 'prc': (0.9, 0.5), 'ind_m2': array([[0, 1, 2, 3],
       [0, 0, 4, 5],
       [0, 0, 0, 6],
       [0, 0, 0, 0]]), 'ind_m3': array([[[0, 0, 0, 0],
        [0, 0, 1, 2],
        [0, 0, 0, 3],
        [0, 0, 0, 0]],

       [[0, 0, 0, 0],
        [0, 0, 0, 0],
        [0, 0, 0, 4],
        [0, 0, 0, 0]],

       [[0, 0, 0, 0],
        [0, 0, 0, 0],
        [0, 0, 0, 0],
        [0, 0, 0, 0]],

       [[0, 0, 0, 0],
        [0, 0, 0, 0],
        [0, 0, 0, 0],
        [0, 0, 0, 0]]]), 'm3_observed': array([[3, 3, 3, 3, 0, 3, 3, 3, 3, 3, 3, 3, 3, 3, 3, 4, 4, 3, 4, 3, 3, 3,
        3, 3, 3, 4, 3, 0, 3, 3, 3, 3, 3, 4, 3, 4, 2, 3, 4, 3, 3, 3, 4, 3,
        3, 3, 3, 3, 3, 3, 3, 3, 3, 3, 3, 3, 3, 3, 3, 3, 3, 4, 3, 3, 3, 0,
        3, 3, 3, 3, 3, 3, 3, 0, 1, 3, 4, 3, 3, 4, 3, 3, 3, 4, 3, 3, 3, 4,
        3, 3, 3, 3, 3, 3, 3, 3, 3, 3, 3, 3],
       [3, 3, 3, 3, 3, 4, 3, 3, 3, 3, 0, 4, 3, 3, 3, 3, 4, 2, 3, 3, 3, 3,
        3, 3, 3, 3, 4, 3, 3, 3, 3, 3, 2, 4, 3, 3, 3, 3, 3, 3, 3, 0, 3, 3,
        3, 3, 3, 3, 3, 3, 3, 3, 3, 3, 3, 3, 3, 3, 3, 3, 4, 4, 3, 3, 3, 3,
        3, 3, 3, 3, 3, 3, 3, 3, 4, 4, 4, 3, 4, 1, 3, 3, 3, 4, 3, 3, 3, 4,
        4, 0, 3, 4, 3, 3, 3, 3, 3, 3, 3, 0],
       [3, 3, 3, 3, 3, 4, 3, 3, 3, 3, 3, 4, 3, 3, 3, 4, 3, 4, 4, 3, 3, 3,
        3, 3, 0, 4, 4, 3, 3, 3, 3, 3, 4, 2, 3, 4, 4, 3, 4, 3, 3, 3, 4, 3,
        3, 3, 3, 3, 3, 3, 3, 3, 3, 3, 3, 0, 3, 3, 3, 3, 4, 0, 3, 3, 3, 3,
        3, 3, 3, 3, 3, 3, 0, 0, 4, 4, 3, 3, 4, 3, 3, 3, 3, 3, 3, 3, 3, 4,
        4, 3, 0, 4, 3, 0, 0, 3, 3, 3, 3, 3],
       [0, 0, 0, 1, 4, 0, 2, 0, 0, 0, 4, 0, 0, 0, 1, 0, 0, 4, 0, 0, 0, 3,
        0, 0, 4, 0, 0, 4, 1, 0, 0, 0, 4, 0, 0, 0, 4, 0, 0, 0, 0, 4, 0, 0,
        0, 2, 0, 0, 0, 2, 0, 0, 0, 0, 0, 4, 0, 0, 0, 3, 2, 4, 0, 2, 0, 4,
        2, 0, 0, 0, 0, 0, 4, 2, 0, 1, 0, 2, 0, 4, 0, 0, 0, 0, 0, 0, 1, 4,
        2, 4, 4, 0, 0, 4, 4, 0, 0, 0, 0, 4]]), 'true_m2': [1, 1, 1, 2, 2, 2], 'r_ns_true': 1.0}
BIHMCAlg.py:61|2021-01-17 15:09:52|    INFO|----------using pystan build the model__________
BIHMCAlg.py:172|2021-01-17 15:09:52|    INFO|pystan model 加载成功  anon_model_114c1023e6e2b64642c44bafe1ef01e5
BIHMCAlg.py:108|2021-01-17 15:09:52|    INFO|model data is {'do_debug': 0, 'T': 100, 'N': 4, 'm3_observed': array([[3, 3, 3, 3, 0, 3, 3, 3, 3, 3, 3, 3, 3, 3, 3, 4, 4, 3, 4, 3, 3, 3,
        3, 3, 3, 4, 3, 0, 3, 3, 3, 3, 3, 4, 3, 4, 2, 3, 4, 3, 3, 3, 4, 3,
        3, 3, 3, 3, 3, 3, 3, 3, 3, 3, 3, 3, 3, 3, 3, 3, 3, 4, 3, 3, 3, 0,
        3, 3, 3, 3, 3, 3, 3, 0, 1, 3, 4, 3, 3, 4, 3, 3, 3, 4, 3, 3, 3, 4,
        3, 3, 3, 3, 3, 3, 3, 3, 3, 3, 3, 3],
       [3, 3, 3, 3, 3, 4, 3, 3, 3, 3, 0, 4, 3, 3, 3, 3, 4, 2, 3, 3, 3, 3,
        3, 3, 3, 3, 4, 3, 3, 3, 3, 3, 2, 4, 3, 3, 3, 3, 3, 3, 3, 0, 3, 3,
        3, 3, 3, 3, 3, 3, 3, 3, 3, 3, 3, 3, 3, 3, 3, 3, 4, 4, 3, 3, 3, 3,
        3, 3, 3, 3, 3, 3, 3, 3, 4, 4, 4, 3, 4, 1, 3, 3, 3, 4, 3, 3, 3, 4,
        4, 0, 3, 4, 3, 3, 3, 3, 3, 3, 3, 0],
       [3, 3, 3, 3, 3, 4, 3, 3, 3, 3, 3, 4, 3, 3, 3, 4, 3, 4, 4, 3, 3, 3,
        3, 3, 0, 4, 4, 3, 3, 3, 3, 3, 4, 2, 3, 4, 4, 3, 4, 3, 3, 3, 4, 3,
        3, 3, 3, 3, 3, 3, 3, 3, 3, 3, 3, 0, 3, 3, 3, 3, 4, 0, 3, 3, 3, 3,
        3, 3, 3, 3, 3, 3, 0, 0, 4, 4, 3, 3, 4, 3, 3, 3, 3, 3, 3, 3, 3, 4,
        4, 3, 0, 4, 3, 0, 0, 3, 3, 3, 3, 3],
       [0, 0, 0, 1, 4, 0, 2, 0, 0, 0, 4, 0, 0, 0, 1, 0, 0, 4, 0, 0, 0, 3,
        0, 0, 4, 0, 0, 4, 1, 0, 0, 0, 4, 0, 0, 0, 4, 0, 0, 0, 0, 4, 0, 0,
        0, 2, 0, 0, 0, 2, 0, 0, 0, 0, 0, 4, 0, 0, 0, 3, 2, 4, 0, 2, 0, 4,
        2, 0, 0, 0, 0, 0, 4, 2, 0, 1, 0, 2, 0, 4, 0, 0, 0, 0, 0, 0, 1, 4,
        2, 4, 4, 0, 0, 4, 4, 0, 0, 0, 0, 4]]), 'prc': (0.9, 0.5), 'index_m2': array([[0, 1, 2, 3],
       [0, 0, 4, 5],
       [0, 0, 0, 6],
       [0, 0, 0, 0]]), 'index_m3': array([[[0, 0, 0, 0],
        [0, 0, 1, 2],
        [0, 0, 0, 3],
        [0, 0, 0, 0]],

       [[0, 0, 0, 0],
        [0, 0, 0, 0],
        [0, 0, 0, 4],
        [0, 0, 0, 0]],

       [[0, 0, 0, 0],
        [0, 0, 0, 0],
        [0, 0, 0, 0],
        [0, 0, 0, 0]],

       [[0, 0, 0, 0],
        [0, 0, 0, 0],
        [0, 0, 0, 0],
        [0, 0, 0, 0]]])}
BIHMCAlg.py:111|2021-01-17 15:09:52|    INFO|保存模型数据到:data/pystan/model_data2021-01-17 15-09-52.txt
BIHMCAlg.py:115|2021-01-17 15:09:52|    INFO|----------pystan sampling----------
BIHMCAlg.py:88|2021-01-17 15:09:57|    INFO|m2_samples:[[1.48704479 1.10162515 1.01400243 2.31586906 1.78766756 2.46339049]
 [1.47073391 1.0826484  1.00285212 2.31664461 1.75122215 2.44490777]
 [1.47932164 1.12094374 0.96763233 2.36295031 1.79873665 2.48879112]
 [1.4644819  1.09156661 1.17671617 2.31678528 1.76644964 2.43343191]
 [1.43151911 1.09809987 1.15608954 2.2647687  1.67828847 2.45021302]
 [1.14537008 1.39107197 1.0484221  1.9763878  2.01844659 2.41805809]
 [1.11686927 1.34835517 1.03933218 2.02935048 1.98384281 2.36541318]
 [1.14542378 1.38844359 1.04049788 1.97751034 2.02721031 2.41509528]
 [1.16591135 1.49014672 1.05457267 2.05185569 1.99357749 2.40042905]
 [1.16600625 1.49190598 1.06126096 2.06087291 1.99764228 2.40599116]
 [1.4176892  1.41509172 1.05883094 2.17443907 2.1228475  2.39272415]
 [1.40451758 1.42160191 1.06397179 2.16392274 2.12657805 2.41815005]
 [1.42725088 1.36983496 1.04232874 2.12593617 2.1835687  2.42256445]
 [1.42645343 1.38000137 1.04427359 2.1245794  2.17062067 2.43279454]
 [1.43165637 1.38418857 1.05492921 2.13972175 2.16888715 2.42805553]
 [1.49663671 1.14403153 1.10890188 2.42702281 2.12105636 2.35677203]
 [1.40939976 1.1650653  1.18274913 2.37093223 2.35409899 2.31812117]
 [1.39511799 1.16516323 1.20184269 2.36868099 2.35259163 2.30701457]
 [1.3959308  1.16154033 1.18367698 2.35697798 2.37563165 2.3176835 ]
 [1.37873612 1.2007556  1.21281101 2.32027799 2.35467211 2.26649471]]
BIHMCAlg.py:90|2021-01-17 15:09:57|    INFO|inferred_m2_real:[1.36280355 1.27060409 1.08578472 2.21227431 2.05668184 2.39730479]
BIHMCAlg.py:91|2021-01-17 15:09:57|    INFO|self.true_m2:[1, 1, 1, 2, 2, 2]
run.py:117|2021-01-17 15:10:12|    INFO|-----------------------------------start at 2021-01-17 15-10-12-------------------------------
network.py:21|2021-01-17 15:10:12|    INFO|edge_set:[(0, 5), (1, 5), (2, 6), (3, 6), (4, 6), (5, 6)]  overlay_node_set:[0, 1, 2, 3, 4]
M3Generator.py:54|2021-01-17 15:10:12|    INFO|parameters:{'num_paths': 4, 'num_time_slots': 100, 'm2_true': [1, 1, 1, 2, 2, 2], 'r_ns_true': 1.0, 'p_correct': (0.9, 0.5), 'ind_m2': array([[0, 1, 2, 3],
       [0, 0, 4, 5],
       [0, 0, 0, 6],
       [0, 0, 0, 0]]), 'ind_m3': array([[[0, 0, 0, 0],
        [0, 0, 1, 2],
        [0, 0, 0, 3],
        [0, 0, 0, 0]],

       [[0, 0, 0, 0],
        [0, 0, 0, 0],
        [0, 0, 0, 4],
        [0, 0, 0, 0]],

       [[0, 0, 0, 0],
        [0, 0, 0, 0],
        [0, 0, 0, 0],
        [0, 0, 0, 0]],

       [[0, 0, 0, 0],
        [0, 0, 0, 0],
        [0, 0, 0, 0],
        [0, 0, 0, 0]]])}
M3Generator.py:165|2021-01-17 15:10:12|    INFO|sim_data:{'T': 100, 'N': 4, 'prc': (0.9, 0.5), 'ind_m2': array([[0, 1, 2, 3],
       [0, 0, 4, 5],
       [0, 0, 0, 6],
       [0, 0, 0, 0]]), 'ind_m3': array([[[0, 0, 0, 0],
        [0, 0, 1, 2],
        [0, 0, 0, 3],
        [0, 0, 0, 0]],

       [[0, 0, 0, 0],
        [0, 0, 0, 0],
        [0, 0, 0, 4],
        [0, 0, 0, 0]],

       [[0, 0, 0, 0],
        [0, 0, 0, 0],
        [0, 0, 0, 0],
        [0, 0, 0, 0]],

       [[0, 0, 0, 0],
        [0, 0, 0, 0],
        [0, 0, 0, 0],
        [0, 0, 0, 0]]]), 'm3_observed': array([[3, 3, 3, 3, 0, 3, 3, 3, 3, 3, 3, 3, 3, 3, 3, 4, 4, 3, 4, 3, 3, 3,
        3, 3, 3, 4, 3, 0, 3, 3, 3, 3, 3, 4, 3, 4, 2, 3, 4, 3, 3, 3, 4, 3,
        3, 3, 3, 3, 3, 3, 3, 3, 3, 3, 3, 3, 3, 3, 3, 3, 3, 4, 3, 3, 3, 0,
        3, 3, 3, 3, 3, 3, 3, 0, 1, 3, 4, 3, 3, 4, 3, 3, 3, 4, 3, 3, 3, 4,
        3, 3, 3, 3, 3, 3, 3, 3, 3, 3, 3, 3],
       [3, 3, 3, 3, 3, 4, 3, 3, 3, 3, 0, 4, 3, 3, 3, 3, 4, 2, 3, 3, 3, 3,
        3, 3, 3, 3, 4, 3, 3, 3, 3, 3, 2, 4, 3, 3, 3, 3, 3, 3, 3, 0, 3, 3,
        3, 3, 3, 3, 3, 3, 3, 3, 3, 3, 3, 3, 3, 3, 3, 3, 4, 4, 3, 3, 3, 3,
        3, 3, 3, 3, 3, 3, 3, 3, 4, 4, 4, 3, 4, 1, 3, 3, 3, 4, 3, 3, 3, 4,
        4, 0, 3, 4, 3, 3, 3, 3, 3, 3, 3, 0],
       [3, 3, 3, 3, 3, 4, 3, 3, 3, 3, 3, 4, 3, 3, 3, 4, 3, 4, 4, 3, 3, 3,
        3, 3, 0, 4, 4, 3, 3, 3, 3, 3, 4, 2, 3, 4, 4, 3, 4, 3, 3, 3, 4, 3,
        3, 3, 3, 3, 3, 3, 3, 3, 3, 3, 3, 0, 3, 3, 3, 3, 4, 0, 3, 3, 3, 3,
        3, 3, 3, 3, 3, 3, 0, 0, 4, 4, 3, 3, 4, 3, 3, 3, 3, 3, 3, 3, 3, 4,
        4, 3, 0, 4, 3, 0, 0, 3, 3, 3, 3, 3],
       [0, 0, 0, 1, 4, 0, 2, 0, 0, 0, 4, 0, 0, 0, 1, 0, 0, 4, 0, 0, 0, 3,
        0, 0, 4, 0, 0, 4, 1, 0, 0, 0, 4, 0, 0, 0, 4, 0, 0, 0, 0, 4, 0, 0,
        0, 2, 0, 0, 0, 2, 0, 0, 0, 0, 0, 4, 0, 0, 0, 3, 2, 4, 0, 2, 0, 4,
        2, 0, 0, 0, 0, 0, 4, 2, 0, 1, 0, 2, 0, 4, 0, 0, 0, 0, 0, 0, 1, 4,
        2, 4, 4, 0, 0, 4, 4, 0, 0, 0, 0, 4]]), 'true_m2': [1, 1, 1, 2, 2, 2], 'r_ns_true': 1.0}
BIHMCAlg.py:61|2021-01-17 15:10:14|    INFO|----------using pystan build the model__________
BIHMCAlg.py:172|2021-01-17 15:10:14|    INFO|pystan model 加载成功  anon_model_114c1023e6e2b64642c44bafe1ef01e5
BIHMCAlg.py:108|2021-01-17 15:10:14|    INFO|model data is {'do_debug': 0, 'T': 100, 'N': 4, 'm3_observed': array([[3, 3, 3, 3, 0, 3, 3, 3, 3, 3, 3, 3, 3, 3, 3, 4, 4, 3, 4, 3, 3, 3,
        3, 3, 3, 4, 3, 0, 3, 3, 3, 3, 3, 4, 3, 4, 2, 3, 4, 3, 3, 3, 4, 3,
        3, 3, 3, 3, 3, 3, 3, 3, 3, 3, 3, 3, 3, 3, 3, 3, 3, 4, 3, 3, 3, 0,
        3, 3, 3, 3, 3, 3, 3, 0, 1, 3, 4, 3, 3, 4, 3, 3, 3, 4, 3, 3, 3, 4,
        3, 3, 3, 3, 3, 3, 3, 3, 3, 3, 3, 3],
       [3, 3, 3, 3, 3, 4, 3, 3, 3, 3, 0, 4, 3, 3, 3, 3, 4, 2, 3, 3, 3, 3,
        3, 3, 3, 3, 4, 3, 3, 3, 3, 3, 2, 4, 3, 3, 3, 3, 3, 3, 3, 0, 3, 3,
        3, 3, 3, 3, 3, 3, 3, 3, 3, 3, 3, 3, 3, 3, 3, 3, 4, 4, 3, 3, 3, 3,
        3, 3, 3, 3, 3, 3, 3, 3, 4, 4, 4, 3, 4, 1, 3, 3, 3, 4, 3, 3, 3, 4,
        4, 0, 3, 4, 3, 3, 3, 3, 3, 3, 3, 0],
       [3, 3, 3, 3, 3, 4, 3, 3, 3, 3, 3, 4, 3, 3, 3, 4, 3, 4, 4, 3, 3, 3,
        3, 3, 0, 4, 4, 3, 3, 3, 3, 3, 4, 2, 3, 4, 4, 3, 4, 3, 3, 3, 4, 3,
        3, 3, 3, 3, 3, 3, 3, 3, 3, 3, 3, 0, 3, 3, 3, 3, 4, 0, 3, 3, 3, 3,
        3, 3, 3, 3, 3, 3, 0, 0, 4, 4, 3, 3, 4, 3, 3, 3, 3, 3, 3, 3, 3, 4,
        4, 3, 0, 4, 3, 0, 0, 3, 3, 3, 3, 3],
       [0, 0, 0, 1, 4, 0, 2, 0, 0, 0, 4, 0, 0, 0, 1, 0, 0, 4, 0, 0, 0, 3,
        0, 0, 4, 0, 0, 4, 1, 0, 0, 0, 4, 0, 0, 0, 4, 0, 0, 0, 0, 4, 0, 0,
        0, 2, 0, 0, 0, 2, 0, 0, 0, 0, 0, 4, 0, 0, 0, 3, 2, 4, 0, 2, 0, 4,
        2, 0, 0, 0, 0, 0, 4, 2, 0, 1, 0, 2, 0, 4, 0, 0, 0, 0, 0, 0, 1, 4,
        2, 4, 4, 0, 0, 4, 4, 0, 0, 0, 0, 4]]), 'prc': (0.9, 0.5), 'index_m2': array([[0, 1, 2, 3],
       [0, 0, 4, 5],
       [0, 0, 0, 6],
       [0, 0, 0, 0]]), 'index_m3': array([[[0, 0, 0, 0],
        [0, 0, 1, 2],
        [0, 0, 0, 3],
        [0, 0, 0, 0]],

       [[0, 0, 0, 0],
        [0, 0, 0, 0],
        [0, 0, 0, 4],
        [0, 0, 0, 0]],

       [[0, 0, 0, 0],
        [0, 0, 0, 0],
        [0, 0, 0, 0],
        [0, 0, 0, 0]],

       [[0, 0, 0, 0],
        [0, 0, 0, 0],
        [0, 0, 0, 0],
        [0, 0, 0, 0]]])}
BIHMCAlg.py:111|2021-01-17 15:10:14|    INFO|保存模型数据到:data/pystan/model_data2021-01-17 15-10-14.txt
BIHMCAlg.py:115|2021-01-17 15:10:14|    INFO|----------pystan sampling----------
BIHMCAlg.py:88|2021-01-17 15:21:04|    INFO|m2_samples:[[1.42768925 1.24058156 1.02876276 2.35360397 1.74287347 2.48958508]
 [1.44466288 1.23115701 1.0619023  2.35012513 1.68573735 2.44533562]
 [1.41777356 1.1968896  1.04877309 2.42549939 1.65228965 2.45334146]
 ...
 [1.40378479 1.27840575 1.2460573  2.2892211  1.55556274 2.31558036]
 [1.42948632 1.18304519 1.28041147 2.11022383 1.8342306  2.48497255]
 [1.34411589 1.10254499 1.3230057  2.16415382 1.590694   2.29517286]]
BIHMCAlg.py:90|2021-01-17 15:21:04|    INFO|inferred_m2_real:[1.2963976  1.26707342 1.21496257 2.1898249  1.75816173 2.40796083]
BIHMCAlg.py:91|2021-01-17 15:21:04|    INFO|self.true_m2:[1, 1, 1, 2, 2, 2]
run.py:117|2021-01-17 15:22:05|    INFO|-----------------------------------start at 2021-01-17 15-22-05-------------------------------
network.py:21|2021-01-17 15:22:05|    INFO|edge_set:[(0, 5), (1, 6), (2, 6), (3, 7), (4, 7), (5, 6), (5, 7)]  overlay_node_set:[0, 1, 2, 3, 4]
M3Generator.py:54|2021-01-17 15:22:05|    INFO|parameters:{'num_paths': 4, 'num_time_slots': 100, 'm2_true': [2, 1, 1, 1, 1, 2], 'r_ns_true': 1.0, 'p_correct': (0.9, 0.5), 'ind_m2': array([[0, 1, 2, 3],
       [0, 0, 4, 5],
       [0, 0, 0, 6],
       [0, 0, 0, 0]]), 'ind_m3': array([[[0, 0, 0, 0],
        [0, 0, 1, 2],
        [0, 0, 0, 3],
        [0, 0, 0, 0]],

       [[0, 0, 0, 0],
        [0, 0, 0, 0],
        [0, 0, 0, 4],
        [0, 0, 0, 0]],

       [[0, 0, 0, 0],
        [0, 0, 0, 0],
        [0, 0, 0, 0],
        [0, 0, 0, 0]],

       [[0, 0, 0, 0],
        [0, 0, 0, 0],
        [0, 0, 0, 0],
        [0, 0, 0, 0]]])}
M3Generator.py:165|2021-01-17 15:22:06|    INFO|sim_data:{'T': 100, 'N': 4, 'prc': (0.9, 0.5), 'ind_m2': array([[0, 1, 2, 3],
       [0, 0, 4, 5],
       [0, 0, 0, 6],
       [0, 0, 0, 0]]), 'ind_m3': array([[[0, 0, 0, 0],
        [0, 0, 1, 2],
        [0, 0, 0, 3],
        [0, 0, 0, 0]],

       [[0, 0, 0, 0],
        [0, 0, 0, 0],
        [0, 0, 0, 4],
        [0, 0, 0, 0]],

       [[0, 0, 0, 0],
        [0, 0, 0, 0],
        [0, 0, 0, 0],
        [0, 0, 0, 0]],

       [[0, 0, 0, 0],
        [0, 0, 0, 0],
        [0, 0, 0, 0],
        [0, 0, 0, 0]]]), 'm3_observed': array([[1, 1, 1, 4, 1, 1, 1, 1, 1, 1, 1, 1, 1, 1, 4, 4, 1, 1, 4, 4, 0, 1,
        1, 1, 0, 4, 1, 1, 4, 1, 1, 4, 4, 4, 1, 4, 2, 4, 4, 1, 1, 4, 4, 1,
        1, 1, 1, 1, 1, 1, 1, 1, 1, 1, 1, 1, 1, 1, 1, 1, 1, 1, 1, 1, 1, 1,
        1, 3, 1, 1, 1, 0, 1, 1, 1, 4, 1, 1, 1, 1, 1, 1, 4, 1, 1, 1, 4, 4,
        1, 1, 1, 1, 1, 1, 4, 1, 1, 1, 1, 1],
       [1, 1, 1, 1, 1, 4, 4, 4, 1, 1, 1, 0, 4, 1, 1, 1, 1, 4, 4, 1, 0, 1,
        1, 1, 0, 1, 4, 1, 1, 1, 1, 1, 4, 2, 4, 1, 0, 1, 1, 1, 1, 1, 1, 1,
        1, 4, 1, 1, 1, 4, 1, 4, 1, 1, 1, 1, 1, 1, 1, 1, 3, 1, 1, 4, 1, 1,
        4, 0, 1, 1, 1, 0, 4, 1, 1, 4, 1, 4, 4, 1, 1, 1, 4, 1, 1, 1, 1, 1,
        4, 1, 1, 4, 1, 1, 1, 1, 1, 1, 1, 1],
       [3, 3, 3, 3, 3, 4, 3, 3, 3, 3, 3, 4, 3, 3, 3, 4, 3, 4, 4, 3, 3, 3,
        3, 3, 0, 4, 4, 3, 3, 3, 3, 3, 4, 2, 3, 4, 4, 3, 4, 3, 3, 3, 4, 3,
        3, 3, 3, 3, 3, 3, 3, 3, 3, 3, 3, 0, 3, 3, 3, 3, 4, 0, 3, 3, 3, 3,
        3, 3, 3, 3, 3, 3, 0, 0, 4, 4, 3, 3, 4, 3, 3, 3, 3, 3, 3, 3, 3, 4,
        4, 3, 0, 4, 3, 0, 0, 3, 3, 3, 3, 3],
       [3, 3, 3, 4, 3, 3, 4, 4, 3, 3, 3, 4, 4, 3, 4, 3, 3, 3, 4, 4, 3, 3,
        3, 3, 0, 3, 3, 3, 4, 3, 3, 4, 4, 4, 4, 3, 3, 4, 3, 3, 3, 4, 3, 3,
        3, 4, 3, 3, 3, 4, 3, 4, 3, 3, 3, 0, 3, 3, 3, 3, 4, 0, 3, 4, 3, 3,
        4, 4, 3, 3, 3, 3, 2, 0, 4, 4, 3, 4, 3, 3, 3, 3, 0, 3, 3, 3, 4, 3,
        4, 3, 0, 3, 3, 0, 1, 3, 3, 3, 3, 3]]), 'true_m2': [2, 1, 1, 1, 1, 2], 'r_ns_true': 1.0}
BIHMCAlg.py:61|2021-01-17 15:22:08|    INFO|----------using pystan build the model__________
BIHMCAlg.py:172|2021-01-17 15:22:08|    INFO|pystan model 加载成功  anon_model_114c1023e6e2b64642c44bafe1ef01e5
BIHMCAlg.py:108|2021-01-17 15:22:08|    INFO|model data is {'do_debug': 0, 'T': 100, 'N': 4, 'm3_observed': array([[1, 1, 1, 4, 1, 1, 1, 1, 1, 1, 1, 1, 1, 1, 4, 4, 1, 1, 4, 4, 0, 1,
        1, 1, 0, 4, 1, 1, 4, 1, 1, 4, 4, 4, 1, 4, 2, 4, 4, 1, 1, 4, 4, 1,
        1, 1, 1, 1, 1, 1, 1, 1, 1, 1, 1, 1, 1, 1, 1, 1, 1, 1, 1, 1, 1, 1,
        1, 3, 1, 1, 1, 0, 1, 1, 1, 4, 1, 1, 1, 1, 1, 1, 4, 1, 1, 1, 4, 4,
        1, 1, 1, 1, 1, 1, 4, 1, 1, 1, 1, 1],
       [1, 1, 1, 1, 1, 4, 4, 4, 1, 1, 1, 0, 4, 1, 1, 1, 1, 4, 4, 1, 0, 1,
        1, 1, 0, 1, 4, 1, 1, 1, 1, 1, 4, 2, 4, 1, 0, 1, 1, 1, 1, 1, 1, 1,
        1, 4, 1, 1, 1, 4, 1, 4, 1, 1, 1, 1, 1, 1, 1, 1, 3, 1, 1, 4, 1, 1,
        4, 0, 1, 1, 1, 0, 4, 1, 1, 4, 1, 4, 4, 1, 1, 1, 4, 1, 1, 1, 1, 1,
        4, 1, 1, 4, 1, 1, 1, 1, 1, 1, 1, 1],
       [3, 3, 3, 3, 3, 4, 3, 3, 3, 3, 3, 4, 3, 3, 3, 4, 3, 4, 4, 3, 3, 3,
        3, 3, 0, 4, 4, 3, 3, 3, 3, 3, 4, 2, 3, 4, 4, 3, 4, 3, 3, 3, 4, 3,
        3, 3, 3, 3, 3, 3, 3, 3, 3, 3, 3, 0, 3, 3, 3, 3, 4, 0, 3, 3, 3, 3,
        3, 3, 3, 3, 3, 3, 0, 0, 4, 4, 3, 3, 4, 3, 3, 3, 3, 3, 3, 3, 3, 4,
        4, 3, 0, 4, 3, 0, 0, 3, 3, 3, 3, 3],
       [3, 3, 3, 4, 3, 3, 4, 4, 3, 3, 3, 4, 4, 3, 4, 3, 3, 3, 4, 4, 3, 3,
        3, 3, 0, 3, 3, 3, 4, 3, 3, 4, 4, 4, 4, 3, 3, 4, 3, 3, 3, 4, 3, 3,
        3, 4, 3, 3, 3, 4, 3, 4, 3, 3, 3, 0, 3, 3, 3, 3, 4, 0, 3, 4, 3, 3,
        4, 4, 3, 3, 3, 3, 2, 0, 4, 4, 3, 4, 3, 3, 3, 3, 0, 3, 3, 3, 4, 3,
        4, 3, 0, 3, 3, 0, 1, 3, 3, 3, 3, 3]]), 'prc': (0.9, 0.5), 'index_m2': array([[0, 1, 2, 3],
       [0, 0, 4, 5],
       [0, 0, 0, 6],
       [0, 0, 0, 0]]), 'index_m3': array([[[0, 0, 0, 0],
        [0, 0, 1, 2],
        [0, 0, 0, 3],
        [0, 0, 0, 0]],

       [[0, 0, 0, 0],
        [0, 0, 0, 0],
        [0, 0, 0, 4],
        [0, 0, 0, 0]],

       [[0, 0, 0, 0],
        [0, 0, 0, 0],
        [0, 0, 0, 0],
        [0, 0, 0, 0]],

       [[0, 0, 0, 0],
        [0, 0, 0, 0],
        [0, 0, 0, 0],
        [0, 0, 0, 0]]])}
BIHMCAlg.py:111|2021-01-17 15:22:08|    INFO|保存模型数据到:data/pystan/model_data2021-01-17 15-22-08.txt
BIHMCAlg.py:115|2021-01-17 15:22:08|    INFO|----------pystan sampling----------
BIHMCAlg.py:88|2021-01-17 15:33:44|    INFO|m2_samples:[[1.96564851 1.1314297  1.0523396  1.40458735 1.29766257 2.6707083 ]
 [2.02146161 1.13395289 1.03854664 1.44040686 1.30188298 2.60462985]
 [1.99526443 1.01912486 1.05347445 1.37554922 1.45030013 2.74036838]
 ...
 [2.36152967 1.37804131 0.99031788 1.04247266 1.10167178 2.51920488]
 [2.40223423 1.3923359  0.97532418 1.07888978 1.13846303 2.56301396]
 [2.38426461 1.40628948 0.98205109 1.05909607 1.1064049  2.5381702 ]]
BIHMCAlg.py:90|2021-01-17 15:33:44|    INFO|inferred_m2_real:[2.42005496 1.2178767  1.08070902 1.19973284 1.17300406 2.59925453]
BIHMCAlg.py:91|2021-01-17 15:33:44|    INFO|self.true_m2:[2, 1, 1, 1, 1, 2]
run.py:117|2021-01-17 15:36:06|    INFO|-----------------------------------start at 2021-01-17 15-36-06-------------------------------
network.py:21|2021-01-17 15:36:06|    INFO|edge_set:[(0, 5), (1, 6), (2, 6), (3, 7), (4, 7), (5, 6), (5, 7)]  overlay_node_set:[0, 1, 2, 3, 4]
M3Generator.py:54|2021-01-17 15:36:06|    INFO|parameters:{'num_paths': 4, 'num_time_slots': 100, 'm2_true': [2, 1, 1, 1, 1, 2], 'r_ns_true': 1.0, 'p_correct': (0.9, 0.5), 'ind_m2': array([[0, 1, 2, 3],
       [0, 0, 4, 5],
       [0, 0, 0, 6],
       [0, 0, 0, 0]]), 'ind_m3': array([[[0, 0, 0, 0],
        [0, 0, 1, 2],
        [0, 0, 0, 3],
        [0, 0, 0, 0]],

       [[0, 0, 0, 0],
        [0, 0, 0, 0],
        [0, 0, 0, 4],
        [0, 0, 0, 0]],

       [[0, 0, 0, 0],
        [0, 0, 0, 0],
        [0, 0, 0, 0],
        [0, 0, 0, 0]],

       [[0, 0, 0, 0],
        [0, 0, 0, 0],
        [0, 0, 0, 0],
        [0, 0, 0, 0]]])}
M3Generator.py:165|2021-01-17 15:36:06|    INFO|sim_data:{'T': 100, 'N': 4, 'prc': (0.9, 0.5), 'ind_m2': array([[0, 1, 2, 3],
       [0, 0, 4, 5],
       [0, 0, 0, 6],
       [0, 0, 0, 0]]), 'ind_m3': array([[[0, 0, 0, 0],
        [0, 0, 1, 2],
        [0, 0, 0, 3],
        [0, 0, 0, 0]],

       [[0, 0, 0, 0],
        [0, 0, 0, 0],
        [0, 0, 0, 4],
        [0, 0, 0, 0]],

       [[0, 0, 0, 0],
        [0, 0, 0, 0],
        [0, 0, 0, 0],
        [0, 0, 0, 0]],

       [[0, 0, 0, 0],
        [0, 0, 0, 0],
        [0, 0, 0, 0],
        [0, 0, 0, 0]]]), 'm3_observed': array([[1, 1, 1, 4, 1, 1, 1, 1, 1, 1, 1, 1, 1, 1, 4, 4, 1, 1, 4, 4, 0, 1,
        1, 1, 0, 4, 1, 1, 4, 1, 1, 4, 4, 4, 1, 4, 2, 4, 4, 1, 1, 4, 4, 1,
        1, 1, 1, 1, 1, 1, 1, 1, 1, 1, 1, 1, 1, 1, 1, 1, 1, 1, 1, 1, 1, 1,
        1, 3, 1, 1, 1, 0, 1, 1, 1, 4, 1, 1, 1, 1, 1, 1, 4, 1, 1, 1, 4, 4,
        1, 1, 1, 1, 1, 1, 4, 1, 1, 1, 1, 1],
       [1, 1, 1, 1, 1, 4, 4, 4, 1, 1, 1, 0, 4, 1, 1, 1, 1, 4, 4, 1, 0, 1,
        1, 1, 0, 1, 4, 1, 1, 1, 1, 1, 4, 2, 4, 1, 0, 1, 1, 1, 1, 1, 1, 1,
        1, 4, 1, 1, 1, 4, 1, 4, 1, 1, 1, 1, 1, 1, 1, 1, 3, 1, 1, 4, 1, 1,
        4, 0, 1, 1, 1, 0, 4, 1, 1, 4, 1, 4, 4, 1, 1, 1, 4, 1, 1, 1, 1, 1,
        4, 1, 1, 4, 1, 1, 1, 1, 1, 1, 1, 1],
       [3, 3, 3, 3, 3, 4, 3, 3, 3, 3, 3, 4, 3, 3, 3, 4, 3, 4, 4, 3, 3, 3,
        3, 3, 0, 4, 4, 3, 3, 3, 3, 3, 4, 2, 3, 4, 4, 3, 4, 3, 3, 3, 4, 3,
        3, 3, 3, 3, 3, 3, 3, 3, 3, 3, 3, 0, 3, 3, 3, 3, 4, 0, 3, 3, 3, 3,
        3, 3, 3, 3, 3, 3, 0, 0, 4, 4, 3, 3, 4, 3, 3, 3, 3, 3, 3, 3, 3, 4,
        4, 3, 0, 4, 3, 0, 0, 3, 3, 3, 3, 3],
       [3, 3, 3, 4, 3, 3, 4, 4, 3, 3, 3, 4, 4, 3, 4, 3, 3, 3, 4, 4, 3, 3,
        3, 3, 0, 3, 3, 3, 4, 3, 3, 4, 4, 4, 4, 3, 3, 4, 3, 3, 3, 4, 3, 3,
        3, 4, 3, 3, 3, 4, 3, 4, 3, 3, 3, 0, 3, 3, 3, 3, 4, 0, 3, 4, 3, 3,
        4, 4, 3, 3, 3, 3, 2, 0, 4, 4, 3, 4, 3, 3, 3, 3, 0, 3, 3, 3, 4, 3,
        4, 3, 0, 3, 3, 0, 1, 3, 3, 3, 3, 3]]), 'true_m2': [2, 1, 1, 1, 1, 2], 'r_ns_true': 1.0}
BIHMCAlg.py:61|2021-01-17 15:36:08|    INFO|----------using pystan build the model__________
BIHMCAlg.py:172|2021-01-17 15:36:08|    INFO|pystan model 加载成功  anon_model_114c1023e6e2b64642c44bafe1ef01e5
BIHMCAlg.py:108|2021-01-17 15:36:08|    INFO|model data is {'do_debug': 0, 'T': 100, 'N': 4, 'm3_observed': array([[1, 1, 1, 4, 1, 1, 1, 1, 1, 1, 1, 1, 1, 1, 4, 4, 1, 1, 4, 4, 0, 1,
        1, 1, 0, 4, 1, 1, 4, 1, 1, 4, 4, 4, 1, 4, 2, 4, 4, 1, 1, 4, 4, 1,
        1, 1, 1, 1, 1, 1, 1, 1, 1, 1, 1, 1, 1, 1, 1, 1, 1, 1, 1, 1, 1, 1,
        1, 3, 1, 1, 1, 0, 1, 1, 1, 4, 1, 1, 1, 1, 1, 1, 4, 1, 1, 1, 4, 4,
        1, 1, 1, 1, 1, 1, 4, 1, 1, 1, 1, 1],
       [1, 1, 1, 1, 1, 4, 4, 4, 1, 1, 1, 0, 4, 1, 1, 1, 1, 4, 4, 1, 0, 1,
        1, 1, 0, 1, 4, 1, 1, 1, 1, 1, 4, 2, 4, 1, 0, 1, 1, 1, 1, 1, 1, 1,
        1, 4, 1, 1, 1, 4, 1, 4, 1, 1, 1, 1, 1, 1, 1, 1, 3, 1, 1, 4, 1, 1,
        4, 0, 1, 1, 1, 0, 4, 1, 1, 4, 1, 4, 4, 1, 1, 1, 4, 1, 1, 1, 1, 1,
        4, 1, 1, 4, 1, 1, 1, 1, 1, 1, 1, 1],
       [3, 3, 3, 3, 3, 4, 3, 3, 3, 3, 3, 4, 3, 3, 3, 4, 3, 4, 4, 3, 3, 3,
        3, 3, 0, 4, 4, 3, 3, 3, 3, 3, 4, 2, 3, 4, 4, 3, 4, 3, 3, 3, 4, 3,
        3, 3, 3, 3, 3, 3, 3, 3, 3, 3, 3, 0, 3, 3, 3, 3, 4, 0, 3, 3, 3, 3,
        3, 3, 3, 3, 3, 3, 0, 0, 4, 4, 3, 3, 4, 3, 3, 3, 3, 3, 3, 3, 3, 4,
        4, 3, 0, 4, 3, 0, 0, 3, 3, 3, 3, 3],
       [3, 3, 3, 4, 3, 3, 4, 4, 3, 3, 3, 4, 4, 3, 4, 3, 3, 3, 4, 4, 3, 3,
        3, 3, 0, 3, 3, 3, 4, 3, 3, 4, 4, 4, 4, 3, 3, 4, 3, 3, 3, 4, 3, 3,
        3, 4, 3, 3, 3, 4, 3, 4, 3, 3, 3, 0, 3, 3, 3, 3, 4, 0, 3, 4, 3, 3,
        4, 4, 3, 3, 3, 3, 2, 0, 4, 4, 3, 4, 3, 3, 3, 3, 0, 3, 3, 3, 4, 3,
        4, 3, 0, 3, 3, 0, 1, 3, 3, 3, 3, 3]]), 'prc': (0.9, 0.5), 'index_m2': array([[0, 1, 2, 3],
       [0, 0, 4, 5],
       [0, 0, 0, 6],
       [0, 0, 0, 0]]), 'index_m3': array([[[0, 0, 0, 0],
        [0, 0, 1, 2],
        [0, 0, 0, 3],
        [0, 0, 0, 0]],

       [[0, 0, 0, 0],
        [0, 0, 0, 0],
        [0, 0, 0, 4],
        [0, 0, 0, 0]],

       [[0, 0, 0, 0],
        [0, 0, 0, 0],
        [0, 0, 0, 0],
        [0, 0, 0, 0]],

       [[0, 0, 0, 0],
        [0, 0, 0, 0],
        [0, 0, 0, 0],
        [0, 0, 0, 0]]])}
BIHMCAlg.py:111|2021-01-17 15:36:08|    INFO|保存模型数据到:data/pystan/model_data2021-01-17 15-36-08.txt
BIHMCAlg.py:115|2021-01-17 15:36:08|    INFO|----------pystan sampling----------
BIHMCAlg.py:88|2021-01-17 15:48:13|    INFO|m2_samples:[[3.33832033 2.88862321 2.2007243  2.65922889 2.43529422 0.50959155]
 [3.33367804 2.89318856 2.20032694 2.63075611 2.43744127 0.51038908]
 [3.33439765 2.88363578 2.18569684 2.63151711 2.45002564 0.50989512]
 ...
 [1.67375257 0.89966314 2.27642229 1.45098424 1.07006248 2.2804513 ]
 [1.71385452 0.88315724 2.25169629 1.41208507 0.99400471 2.25020481]
 [1.67636321 0.88402407 2.26123473 1.40321197 1.0807173  2.28341143]]
BIHMCAlg.py:90|2021-01-17 15:48:13|    INFO|inferred_m2_real:[2.08151185 2.33246031 2.41043703 1.5812173  2.04106168 1.89632262]
BIHMCAlg.py:91|2021-01-17 15:48:13|    INFO|self.true_m2:[2, 1, 1, 1, 1, 2]
run.py:117|2021-01-17 15:52:14|    INFO|-----------------------------------start at 2021-01-17 15-52-14-------------------------------
network.py:21|2021-01-17 15:52:14|    INFO|edge_set:[(0, 5), (1, 6), (2, 6), (3, 7), (4, 7), (5, 6), (5, 7)]  overlay_node_set:[0, 1, 2, 3, 4]
M3Generator.py:54|2021-01-17 15:52:14|    INFO|parameters:{'num_paths': 4, 'num_time_slots': 100, 'm2_true': [2, 1, 1, 1, 1, 2], 'r_ns_true': 1.0, 'p_correct': (0.9, 0.5), 'ind_m2': array([[0, 1, 2, 3],
       [0, 0, 4, 5],
       [0, 0, 0, 6],
       [0, 0, 0, 0]]), 'ind_m3': array([[[0, 0, 0, 0],
        [0, 0, 1, 2],
        [0, 0, 0, 3],
        [0, 0, 0, 0]],

       [[0, 0, 0, 0],
        [0, 0, 0, 0],
        [0, 0, 0, 4],
        [0, 0, 0, 0]],

       [[0, 0, 0, 0],
        [0, 0, 0, 0],
        [0, 0, 0, 0],
        [0, 0, 0, 0]],

       [[0, 0, 0, 0],
        [0, 0, 0, 0],
        [0, 0, 0, 0],
        [0, 0, 0, 0]]])}
M3Generator.py:165|2021-01-17 15:52:14|    INFO|sim_data:{'T': 100, 'N': 4, 'prc': (0.9, 0.5), 'ind_m2': array([[0, 1, 2, 3],
       [0, 0, 4, 5],
       [0, 0, 0, 6],
       [0, 0, 0, 0]]), 'ind_m3': array([[[0, 0, 0, 0],
        [0, 0, 1, 2],
        [0, 0, 0, 3],
        [0, 0, 0, 0]],

       [[0, 0, 0, 0],
        [0, 0, 0, 0],
        [0, 0, 0, 4],
        [0, 0, 0, 0]],

       [[0, 0, 0, 0],
        [0, 0, 0, 0],
        [0, 0, 0, 0],
        [0, 0, 0, 0]],

       [[0, 0, 0, 0],
        [0, 0, 0, 0],
        [0, 0, 0, 0],
        [0, 0, 0, 0]]]), 'm3_observed': array([[1, 1, 1, 4, 1, 1, 1, 1, 1, 1, 1, 1, 1, 1, 4, 4, 1, 1, 4, 4, 0, 1,
        1, 1, 0, 4, 1, 1, 4, 1, 1, 4, 4, 4, 1, 4, 2, 4, 4, 1, 1, 4, 4, 1,
        1, 1, 1, 1, 1, 1, 1, 1, 1, 1, 1, 1, 1, 1, 1, 1, 1, 1, 1, 1, 1, 1,
        1, 3, 1, 1, 1, 0, 1, 1, 1, 4, 1, 1, 1, 1, 1, 1, 4, 1, 1, 1, 4, 4,
        1, 1, 1, 1, 1, 1, 4, 1, 1, 1, 1, 1],
       [1, 1, 1, 1, 1, 4, 4, 4, 1, 1, 1, 0, 4, 1, 1, 1, 1, 4, 4, 1, 0, 1,
        1, 1, 0, 1, 4, 1, 1, 1, 1, 1, 4, 2, 4, 1, 0, 1, 1, 1, 1, 1, 1, 1,
        1, 4, 1, 1, 1, 4, 1, 4, 1, 1, 1, 1, 1, 1, 1, 1, 3, 1, 1, 4, 1, 1,
        4, 0, 1, 1, 1, 0, 4, 1, 1, 4, 1, 4, 4, 1, 1, 1, 4, 1, 1, 1, 1, 1,
        4, 1, 1, 4, 1, 1, 1, 1, 1, 1, 1, 1],
       [3, 3, 3, 3, 3, 4, 3, 3, 3, 3, 3, 4, 3, 3, 3, 4, 3, 4, 4, 3, 3, 3,
        3, 3, 0, 4, 4, 3, 3, 3, 3, 3, 4, 2, 3, 4, 4, 3, 4, 3, 3, 3, 4, 3,
        3, 3, 3, 3, 3, 3, 3, 3, 3, 3, 3, 0, 3, 3, 3, 3, 4, 0, 3, 3, 3, 3,
        3, 3, 3, 3, 3, 3, 0, 0, 4, 4, 3, 3, 4, 3, 3, 3, 3, 3, 3, 3, 3, 4,
        4, 3, 0, 4, 3, 0, 0, 3, 3, 3, 3, 3],
       [3, 3, 3, 4, 3, 3, 4, 4, 3, 3, 3, 4, 4, 3, 4, 3, 3, 3, 4, 4, 3, 3,
        3, 3, 0, 3, 3, 3, 4, 3, 3, 4, 4, 4, 4, 3, 3, 4, 3, 3, 3, 4, 3, 3,
        3, 4, 3, 3, 3, 4, 3, 4, 3, 3, 3, 0, 3, 3, 3, 3, 4, 0, 3, 4, 3, 3,
        4, 4, 3, 3, 3, 3, 2, 0, 4, 4, 3, 4, 3, 3, 3, 3, 0, 3, 3, 3, 4, 3,
        4, 3, 0, 3, 3, 0, 1, 3, 3, 3, 3, 3]]), 'true_m2': [2, 1, 1, 1, 1, 2], 'r_ns_true': 1.0}
BIHMCAlg.py:61|2021-01-17 15:52:16|    INFO|----------using pystan build the model__________
BIHMCAlg.py:172|2021-01-17 15:52:16|    INFO|pystan model 加载成功  anon_model_114c1023e6e2b64642c44bafe1ef01e5
BIHMCAlg.py:108|2021-01-17 15:52:16|    INFO|model data is {'do_debug': 0, 'T': 100, 'N': 4, 'm3_observed': array([[1, 1, 1, 4, 1, 1, 1, 1, 1, 1, 1, 1, 1, 1, 4, 4, 1, 1, 4, 4, 0, 1,
        1, 1, 0, 4, 1, 1, 4, 1, 1, 4, 4, 4, 1, 4, 2, 4, 4, 1, 1, 4, 4, 1,
        1, 1, 1, 1, 1, 1, 1, 1, 1, 1, 1, 1, 1, 1, 1, 1, 1, 1, 1, 1, 1, 1,
        1, 3, 1, 1, 1, 0, 1, 1, 1, 4, 1, 1, 1, 1, 1, 1, 4, 1, 1, 1, 4, 4,
        1, 1, 1, 1, 1, 1, 4, 1, 1, 1, 1, 1],
       [1, 1, 1, 1, 1, 4, 4, 4, 1, 1, 1, 0, 4, 1, 1, 1, 1, 4, 4, 1, 0, 1,
        1, 1, 0, 1, 4, 1, 1, 1, 1, 1, 4, 2, 4, 1, 0, 1, 1, 1, 1, 1, 1, 1,
        1, 4, 1, 1, 1, 4, 1, 4, 1, 1, 1, 1, 1, 1, 1, 1, 3, 1, 1, 4, 1, 1,
        4, 0, 1, 1, 1, 0, 4, 1, 1, 4, 1, 4, 4, 1, 1, 1, 4, 1, 1, 1, 1, 1,
        4, 1, 1, 4, 1, 1, 1, 1, 1, 1, 1, 1],
       [3, 3, 3, 3, 3, 4, 3, 3, 3, 3, 3, 4, 3, 3, 3, 4, 3, 4, 4, 3, 3, 3,
        3, 3, 0, 4, 4, 3, 3, 3, 3, 3, 4, 2, 3, 4, 4, 3, 4, 3, 3, 3, 4, 3,
        3, 3, 3, 3, 3, 3, 3, 3, 3, 3, 3, 0, 3, 3, 3, 3, 4, 0, 3, 3, 3, 3,
        3, 3, 3, 3, 3, 3, 0, 0, 4, 4, 3, 3, 4, 3, 3, 3, 3, 3, 3, 3, 3, 4,
        4, 3, 0, 4, 3, 0, 0, 3, 3, 3, 3, 3],
       [3, 3, 3, 4, 3, 3, 4, 4, 3, 3, 3, 4, 4, 3, 4, 3, 3, 3, 4, 4, 3, 3,
        3, 3, 0, 3, 3, 3, 4, 3, 3, 4, 4, 4, 4, 3, 3, 4, 3, 3, 3, 4, 3, 3,
        3, 4, 3, 3, 3, 4, 3, 4, 3, 3, 3, 0, 3, 3, 3, 3, 4, 0, 3, 4, 3, 3,
        4, 4, 3, 3, 3, 3, 2, 0, 4, 4, 3, 4, 3, 3, 3, 3, 0, 3, 3, 3, 4, 3,
        4, 3, 0, 3, 3, 0, 1, 3, 3, 3, 3, 3]]), 'prc': (0.9, 0.5), 'index_m2': array([[0, 1, 2, 3],
       [0, 0, 4, 5],
       [0, 0, 0, 6],
       [0, 0, 0, 0]]), 'index_m3': array([[[0, 0, 0, 0],
        [0, 0, 1, 2],
        [0, 0, 0, 3],
        [0, 0, 0, 0]],

       [[0, 0, 0, 0],
        [0, 0, 0, 0],
        [0, 0, 0, 4],
        [0, 0, 0, 0]],

       [[0, 0, 0, 0],
        [0, 0, 0, 0],
        [0, 0, 0, 0],
        [0, 0, 0, 0]],

       [[0, 0, 0, 0],
        [0, 0, 0, 0],
        [0, 0, 0, 0],
        [0, 0, 0, 0]]])}
BIHMCAlg.py:111|2021-01-17 15:52:16|    INFO|保存模型数据到:data/pystan/model_data2021-01-17 15-52-16.txt
BIHMCAlg.py:115|2021-01-17 15:52:16|    INFO|----------pystan sampling----------
BIHMCAlg.py:88|2021-01-17 17:58:40|    INFO|m2_samples:[[2.16564935 1.17040739 0.95579765 0.84097906 1.38305816 1.93156512]
 [2.35878682 1.48736579 0.94264808 0.87712774 1.00212874 2.18736987]
 [2.5653227  1.33746334 0.85044599 1.14232674 1.06944892 2.36034626]
 ...
 [1.86765809 1.35565432 0.55406668 1.23084205 1.38441465 2.89487237]
 [1.72074402 1.30403076 0.54698909 1.19174388 1.43123117 2.80605685]
 [1.678716   1.3015595  0.54372871 1.20970213 1.44951441 2.7904732 ]]
BIHMCAlg.py:90|2021-01-17 17:58:40|    INFO|inferred_m2_real:[2.34045517 1.30347213 0.8526221  1.07691481 1.12293666 2.27471151]
BIHMCAlg.py:91|2021-01-17 17:58:40|    INFO|self.true_m2:[2, 1, 1, 1, 1, 2]
