run.py:97|2020-12-27 15:56:07|    INFO|-----------------------------------start at 2020-12-27 15-56-07-------------------------------
run.py:102|2020-12-27 15:56:08|   DEBUG|#!/usr/bin/env python
# encoding: utf-8
'''
@project : 'AlgPackage'
@author  : '张宗旺'
@file    : 'run'.py
@ide     : 'PyCharm'
@time    : '2020'-'11'-'13' '18':'52':'34'
@contact : zongwang.zhang@outlook.com
'''
from network import Network
from data_generator.InterferenceMatrixGenerator import InterferenceMatrixGenerator
from algorithm.ILPAlg import ILPAlg
import numpy as np
from algorithm.IdentifyTreeAlg import *
from algorithm.OBAlg import *
import logging
import logging.config
import time
def doSim_ILP():
    """
    采用的是1为根节点，overlay node 自动生成为1到n
    :return:
    """
    # E = [(1, 4), (2, 5), (3, 6), (4, 5), (4, 6), (5, 6)]
    # E = [(1,8),(2,10),(3,12),(4,7),(5,9),(6,11),(7,8),(7,9),(8,10),(9,10),(9,11),(10,12),(11,12)]
    E = [(1, 8), (2, 8), (3, 9), (4, 9), (5, 10), (6, 10), (7, 10), (8, 9), (9, 10)]
    # network = Network(3,E)
    # network = Network(6,E)
    network = Network(7, E)
    generator = InterferenceMatrixGenerator(network)
    interference_matrix = generator.getInterferenceMatrix()
    print(interference_matrix)
    print(np.sum(interference_matrix, 0))
    # solver = ILPAlg(7,3,interference_matrix)
    # solver = ILPAlg(12, 6, interference_matrix)
    # solver = ILPAlg(4, 2, interference_matrix)
    # solver = ILPAlg(8, 4, interference_matrix)
    solver = ILPAlg(10, 7, interference_matrix)
    solver.solve()
    solver.getOutcome()

def doSim_1():
    """
    使用IdentifyTree算法推断
    :return:
    """
    overlay_node_set = [0,1,2,3,4,5,6]
    E = [(0, 7), (1, 7), (2, 8), (3, 8), (4, 9), (5, 9), (6, 9), (7, 8), (8, 9)]
    # E = [(0,6),(1,7),(2,7),(3,8),(4,8),(5,8),(6,7),(6,8)]
    # overlay_node_set = [0,1,2,3,4,5]
    network = Network(overlay_node_set, E)
    generator = InterferenceMatrixGenerator(network)
    interference_matrix = generator.getInterferenceMatrix()
    print(interference_matrix)
    alg = IdentifyTreeAlg(network, overlay_node_set , interference_matrix)
    alg.compute_ed()

def get3(f=0):
    overlay_node_set = None
    E = None
    if f == 0:
        overlay_node_set = [0, 1, 2, 3]
        E = [(0, 4), (1, 4), (2, 4), (3, 4)]
    if f == 1:
        overlay_node_set = [0, 1, 2, 3]
        E = [(0, 4), (1, 4), (2, 5), (3, 5), (4, 5)]
    return overlay_node_set,E

def get4(f=0):
    overlay_node_set = None
    E = None
    if f==0:
        overlay_node_set = [0, 1, 2, 3, 4]
        E = [(0, 5), (1, 5), (2, 6), (3, 6), (4, 6), (5, 6)]
    if f == 1:
        overlay_node_set = [0,1,2,3,4]
        E = [(0,5),(1,6),(2,6),(3,7),(4,7),(5,6),(5,7)]
    return overlay_node_set,E

def get5(f=0):
    overlay_node_set = None
    E = None
    if f == 0:
        overlay_node_set = [0, 1, 2, 3, 4, 5]
        E = [(0, 6), (1, 7), (2, 7), (3, 8), (4, 8), (5, 8), (6, 7), (6, 8)]
        return overlay_node_set, E
    if f == 1:
        overlay_node_set = [0, 1, 2, 3, 4, 5]
        E = [(0, 6), (1, 7), (2, 7), (3, 8), (4, 9), (5, 9), (6, 7), (6, 8),(8,9)]
        return overlay_node_set, E


def doSim_OCCAM():
    logging.config.fileConfig('util/logging.conf')
    logger = logging.getLogger('applog')
    logger.info("-----------------------------------"+"start at "+time.strftime("%Y-%m-%d %H-%M-%S", time.localtime())+"-------------------------------")
    import sys
    fname = sys.argv[0]
    with open(fname,"r",encoding="utf-8") as f:
        content = f.read()
        logger.debug(content)
    overlay_node_set, E = get5(0)
    network = Network(overlay_node_set, E)
    alg = OCCAMAlg(network, overlay_node_set)
    alg.true_objective_value()
    alg.solve()
    alg.getOutcome()
    alg.inference()
    # alg.plot_inferred_graph()

if __name__ == '__main__':
    doSim_OCCAM()
    # doSim_1()

network.py:21|2020-12-27 15:56:08|    INFO|edge_set:[(0, 6), (1, 7), (2, 7), (3, 8), (4, 8), (5, 8), (6, 7), (6, 8)]  overlay_node_set:[0, 1, 2, 3, 4, 5]
OBAlg.py:80|2020-12-27 15:56:08|   DEBUG|constraint1 init
OBAlg.py:86|2020-12-27 15:56:08|   DEBUG|PSM:(0, 1, 3, 4)
OBAlg.py:86|2020-12-27 15:56:08|   DEBUG|PSM:(0, 1, 3, 5)
OBAlg.py:86|2020-12-27 15:56:08|   DEBUG|PSM:(0, 1, 4, 3)
OBAlg.py:86|2020-12-27 15:56:08|   DEBUG|PSM:(0, 1, 4, 5)
OBAlg.py:86|2020-12-27 15:56:08|   DEBUG|PSM:(0, 1, 5, 3)
OBAlg.py:86|2020-12-27 15:56:08|   DEBUG|PSM:(0, 1, 5, 4)
OBAlg.py:86|2020-12-27 15:56:08|   DEBUG|PSM:(0, 2, 3, 4)
OBAlg.py:86|2020-12-27 15:56:08|   DEBUG|PSM:(0, 2, 3, 5)
OBAlg.py:86|2020-12-27 15:56:08|   DEBUG|PSM:(0, 2, 4, 3)
OBAlg.py:86|2020-12-27 15:56:08|   DEBUG|PSM:(0, 2, 4, 5)
OBAlg.py:86|2020-12-27 15:56:08|   DEBUG|PSM:(0, 2, 5, 3)
OBAlg.py:86|2020-12-27 15:56:08|   DEBUG|PSM:(0, 2, 5, 4)
OBAlg.py:86|2020-12-27 15:56:08|   DEBUG|PSM:(0, 3, 1, 2)
OBAlg.py:86|2020-12-27 15:56:08|   DEBUG|PSM:(0, 3, 2, 1)
OBAlg.py:86|2020-12-27 15:56:08|   DEBUG|PSM:(0, 4, 1, 2)
OBAlg.py:86|2020-12-27 15:56:08|   DEBUG|PSM:(0, 4, 2, 1)
OBAlg.py:86|2020-12-27 15:56:08|   DEBUG|PSM:(0, 5, 1, 2)
OBAlg.py:86|2020-12-27 15:56:08|   DEBUG|PSM:(0, 5, 2, 1)
OBAlg.py:86|2020-12-27 15:56:08|   DEBUG|PSM:(1, 0, 3, 4)
OBAlg.py:86|2020-12-27 15:56:08|   DEBUG|PSM:(1, 0, 3, 5)
OBAlg.py:86|2020-12-27 15:56:08|   DEBUG|PSM:(1, 0, 4, 3)
OBAlg.py:86|2020-12-27 15:56:08|   DEBUG|PSM:(1, 0, 4, 5)
OBAlg.py:86|2020-12-27 15:56:08|   DEBUG|PSM:(1, 0, 5, 3)
OBAlg.py:86|2020-12-27 15:56:08|   DEBUG|PSM:(1, 0, 5, 4)
OBAlg.py:86|2020-12-27 15:56:08|   DEBUG|PSM:(1, 2, 0, 3)
OBAlg.py:86|2020-12-27 15:56:08|   DEBUG|PSM:(1, 2, 0, 4)
OBAlg.py:86|2020-12-27 15:56:08|   DEBUG|PSM:(1, 2, 0, 5)
OBAlg.py:86|2020-12-27 15:56:08|   DEBUG|PSM:(1, 2, 3, 0)
OBAlg.py:86|2020-12-27 15:56:08|   DEBUG|PSM:(1, 2, 3, 4)
OBAlg.py:86|2020-12-27 15:56:08|   DEBUG|PSM:(1, 2, 3, 5)
OBAlg.py:86|2020-12-27 15:56:08|   DEBUG|PSM:(1, 2, 4, 0)
OBAlg.py:86|2020-12-27 15:56:08|   DEBUG|PSM:(1, 2, 4, 3)
OBAlg.py:86|2020-12-27 15:56:08|   DEBUG|PSM:(1, 2, 4, 5)
OBAlg.py:86|2020-12-27 15:56:08|   DEBUG|PSM:(1, 2, 5, 0)
OBAlg.py:86|2020-12-27 15:56:08|   DEBUG|PSM:(1, 2, 5, 3)
OBAlg.py:86|2020-12-27 15:56:08|   DEBUG|PSM:(1, 2, 5, 4)
OBAlg.py:86|2020-12-27 15:56:08|   DEBUG|PSM:(2, 0, 3, 4)
OBAlg.py:86|2020-12-27 15:56:08|   DEBUG|PSM:(2, 0, 3, 5)
OBAlg.py:86|2020-12-27 15:56:08|   DEBUG|PSM:(2, 0, 4, 3)
OBAlg.py:86|2020-12-27 15:56:08|   DEBUG|PSM:(2, 0, 4, 5)
OBAlg.py:86|2020-12-27 15:56:08|   DEBUG|PSM:(2, 0, 5, 3)
OBAlg.py:86|2020-12-27 15:56:08|   DEBUG|PSM:(2, 0, 5, 4)
OBAlg.py:86|2020-12-27 15:56:08|   DEBUG|PSM:(2, 1, 0, 3)
OBAlg.py:86|2020-12-27 15:56:08|   DEBUG|PSM:(2, 1, 0, 4)
OBAlg.py:86|2020-12-27 15:56:08|   DEBUG|PSM:(2, 1, 0, 5)
OBAlg.py:86|2020-12-27 15:56:08|   DEBUG|PSM:(2, 1, 3, 0)
OBAlg.py:86|2020-12-27 15:56:08|   DEBUG|PSM:(2, 1, 3, 4)
OBAlg.py:86|2020-12-27 15:56:08|   DEBUG|PSM:(2, 1, 3, 5)
OBAlg.py:86|2020-12-27 15:56:08|   DEBUG|PSM:(2, 1, 4, 0)
OBAlg.py:86|2020-12-27 15:56:08|   DEBUG|PSM:(2, 1, 4, 3)
OBAlg.py:86|2020-12-27 15:56:08|   DEBUG|PSM:(2, 1, 4, 5)
OBAlg.py:86|2020-12-27 15:56:08|   DEBUG|PSM:(2, 1, 5, 0)
OBAlg.py:86|2020-12-27 15:56:08|   DEBUG|PSM:(2, 1, 5, 3)
OBAlg.py:86|2020-12-27 15:56:08|   DEBUG|PSM:(2, 1, 5, 4)
OBAlg.py:86|2020-12-27 15:56:08|   DEBUG|PSM:(3, 0, 1, 2)
OBAlg.py:86|2020-12-27 15:56:08|   DEBUG|PSM:(3, 0, 2, 1)
OBAlg.py:86|2020-12-27 15:56:08|   DEBUG|PSM:(3, 4, 0, 1)
OBAlg.py:86|2020-12-27 15:56:08|   DEBUG|PSM:(3, 4, 0, 2)
OBAlg.py:86|2020-12-27 15:56:08|   DEBUG|PSM:(3, 4, 1, 0)
OBAlg.py:86|2020-12-27 15:56:08|   DEBUG|PSM:(3, 4, 1, 2)
OBAlg.py:86|2020-12-27 15:56:08|   DEBUG|PSM:(3, 4, 2, 0)
OBAlg.py:86|2020-12-27 15:56:08|   DEBUG|PSM:(3, 4, 2, 1)
OBAlg.py:86|2020-12-27 15:56:08|   DEBUG|PSM:(3, 5, 0, 1)
OBAlg.py:86|2020-12-27 15:56:08|   DEBUG|PSM:(3, 5, 0, 2)
OBAlg.py:86|2020-12-27 15:56:08|   DEBUG|PSM:(3, 5, 1, 0)
OBAlg.py:86|2020-12-27 15:56:08|   DEBUG|PSM:(3, 5, 1, 2)
OBAlg.py:86|2020-12-27 15:56:08|   DEBUG|PSM:(3, 5, 2, 0)
OBAlg.py:86|2020-12-27 15:56:08|   DEBUG|PSM:(3, 5, 2, 1)
OBAlg.py:86|2020-12-27 15:56:08|   DEBUG|PSM:(4, 0, 1, 2)
OBAlg.py:86|2020-12-27 15:56:08|   DEBUG|PSM:(4, 0, 2, 1)
OBAlg.py:86|2020-12-27 15:56:08|   DEBUG|PSM:(4, 3, 0, 1)
OBAlg.py:86|2020-12-27 15:56:08|   DEBUG|PSM:(4, 3, 0, 2)
OBAlg.py:86|2020-12-27 15:56:08|   DEBUG|PSM:(4, 3, 1, 0)
OBAlg.py:86|2020-12-27 15:56:08|   DEBUG|PSM:(4, 3, 1, 2)
OBAlg.py:86|2020-12-27 15:56:08|   DEBUG|PSM:(4, 3, 2, 0)
OBAlg.py:86|2020-12-27 15:56:08|   DEBUG|PSM:(4, 3, 2, 1)
OBAlg.py:86|2020-12-27 15:56:08|   DEBUG|PSM:(4, 5, 0, 1)
OBAlg.py:86|2020-12-27 15:56:08|   DEBUG|PSM:(4, 5, 0, 2)
OBAlg.py:86|2020-12-27 15:56:08|   DEBUG|PSM:(4, 5, 1, 0)
OBAlg.py:86|2020-12-27 15:56:08|   DEBUG|PSM:(4, 5, 1, 2)
OBAlg.py:86|2020-12-27 15:56:08|   DEBUG|PSM:(4, 5, 2, 0)
OBAlg.py:86|2020-12-27 15:56:08|   DEBUG|PSM:(4, 5, 2, 1)
OBAlg.py:86|2020-12-27 15:56:08|   DEBUG|PSM:(5, 0, 1, 2)
OBAlg.py:86|2020-12-27 15:56:08|   DEBUG|PSM:(5, 0, 2, 1)
OBAlg.py:86|2020-12-27 15:56:08|   DEBUG|PSM:(5, 3, 0, 1)
OBAlg.py:86|2020-12-27 15:56:08|   DEBUG|PSM:(5, 3, 0, 2)
OBAlg.py:86|2020-12-27 15:56:08|   DEBUG|PSM:(5, 3, 1, 0)
OBAlg.py:86|2020-12-27 15:56:08|   DEBUG|PSM:(5, 3, 1, 2)
OBAlg.py:86|2020-12-27 15:56:08|   DEBUG|PSM:(5, 3, 2, 0)
OBAlg.py:86|2020-12-27 15:56:08|   DEBUG|PSM:(5, 3, 2, 1)
OBAlg.py:86|2020-12-27 15:56:08|   DEBUG|PSM:(5, 4, 0, 1)
OBAlg.py:86|2020-12-27 15:56:08|   DEBUG|PSM:(5, 4, 0, 2)
OBAlg.py:86|2020-12-27 15:56:08|   DEBUG|PSM:(5, 4, 1, 0)
OBAlg.py:86|2020-12-27 15:56:08|   DEBUG|PSM:(5, 4, 1, 2)
OBAlg.py:86|2020-12-27 15:56:08|   DEBUG|PSM:(5, 4, 2, 0)
OBAlg.py:86|2020-12-27 15:56:08|   DEBUG|PSM:(5, 4, 2, 1)
OBAlg.py:141|2020-12-27 15:56:08|   DEBUG|constraint2 init
OBAlg.py:146|2020-12-27 15:56:08|   DEBUG|DM:(1, 0, 3)
OBAlg.py:146|2020-12-27 15:56:08|   DEBUG|DM:(1, 0, 4)
OBAlg.py:146|2020-12-27 15:56:08|   DEBUG|DM:(1, 0, 5)
OBAlg.py:146|2020-12-27 15:56:08|   DEBUG|DM:(1, 2, 0)
OBAlg.py:146|2020-12-27 15:56:08|   DEBUG|DM:(1, 2, 3)
OBAlg.py:146|2020-12-27 15:56:08|   DEBUG|DM:(1, 2, 4)
OBAlg.py:146|2020-12-27 15:56:08|   DEBUG|DM:(1, 2, 5)
OBAlg.py:146|2020-12-27 15:56:08|   DEBUG|DM:(2, 0, 3)
OBAlg.py:146|2020-12-27 15:56:08|   DEBUG|DM:(2, 0, 4)
OBAlg.py:146|2020-12-27 15:56:08|   DEBUG|DM:(2, 0, 5)
OBAlg.py:146|2020-12-27 15:56:08|   DEBUG|DM:(2, 1, 0)
OBAlg.py:146|2020-12-27 15:56:08|   DEBUG|DM:(2, 1, 3)
OBAlg.py:146|2020-12-27 15:56:08|   DEBUG|DM:(2, 1, 4)
OBAlg.py:146|2020-12-27 15:56:08|   DEBUG|DM:(2, 1, 5)
OBAlg.py:146|2020-12-27 15:56:08|   DEBUG|DM:(3, 0, 1)
OBAlg.py:146|2020-12-27 15:56:08|   DEBUG|DM:(3, 0, 2)
OBAlg.py:146|2020-12-27 15:56:08|   DEBUG|DM:(3, 4, 0)
OBAlg.py:146|2020-12-27 15:56:08|   DEBUG|DM:(3, 4, 1)
OBAlg.py:146|2020-12-27 15:56:08|   DEBUG|DM:(3, 4, 2)
OBAlg.py:146|2020-12-27 15:56:08|   DEBUG|DM:(3, 5, 0)
OBAlg.py:146|2020-12-27 15:56:08|   DEBUG|DM:(3, 5, 1)
OBAlg.py:146|2020-12-27 15:56:08|   DEBUG|DM:(3, 5, 2)
OBAlg.py:146|2020-12-27 15:56:08|   DEBUG|DM:(4, 0, 1)
OBAlg.py:146|2020-12-27 15:56:08|   DEBUG|DM:(4, 0, 2)
OBAlg.py:146|2020-12-27 15:56:08|   DEBUG|DM:(4, 3, 0)
OBAlg.py:146|2020-12-27 15:56:08|   DEBUG|DM:(4, 3, 1)
OBAlg.py:146|2020-12-27 15:56:08|   DEBUG|DM:(4, 3, 2)
OBAlg.py:146|2020-12-27 15:56:08|   DEBUG|DM:(4, 5, 0)
OBAlg.py:146|2020-12-27 15:56:08|   DEBUG|DM:(4, 5, 1)
OBAlg.py:146|2020-12-27 15:56:08|   DEBUG|DM:(4, 5, 2)
OBAlg.py:146|2020-12-27 15:56:08|   DEBUG|DM:(5, 0, 1)
OBAlg.py:146|2020-12-27 15:56:08|   DEBUG|DM:(5, 0, 2)
OBAlg.py:146|2020-12-27 15:56:08|   DEBUG|DM:(5, 3, 0)
OBAlg.py:146|2020-12-27 15:56:08|   DEBUG|DM:(5, 3, 1)
OBAlg.py:146|2020-12-27 15:56:08|   DEBUG|DM:(5, 3, 2)
OBAlg.py:146|2020-12-27 15:56:08|   DEBUG|DM:(5, 4, 0)
OBAlg.py:146|2020-12-27 15:56:08|   DEBUG|DM:(5, 4, 1)
OBAlg.py:146|2020-12-27 15:56:08|   DEBUG|DM:(5, 4, 2)
OBAlg.py:176|2020-12-27 15:56:08|   DEBUG|constraint3 init
OBAlg.py:188|2020-12-27 15:56:08|   DEBUG|constraint4 init
OBAlg.py:201|2020-12-27 15:56:08|   DEBUG|constraint5 init
OBAlg.py:230|2020-12-27 15:56:08|   DEBUG|constraint6 init
OBAlg.py:257|2020-12-27 15:56:08|   DEBUG|constraint7 init
OBAlg.py:280|2020-12-27 15:56:08|   DEBUG|constraint8-11 init
OBAlg.py:309|2020-12-27 15:56:08|   DEBUG|constraint12 init
OBAlg.py:322|2020-12-27 15:56:08|   DEBUG|constraint13 init
OBAlg.py:362|2020-12-27 15:56:08|   DEBUG|constraint14 init
OBAlg.py:533|2020-12-27 15:56:08|    INFO|true objective value:55.0
